2025-05-12 20:57:37.528 [info] Extension host with pid 8038 started
2025-05-12 20:57:37.528 [info] Skipping acquiring lock for /home/ris3/.config/Code - OSS/User/workspaceStorage/06c09ba257f63a7f3505e96c36ba179d.
2025-05-12 20:57:37.587 [info] ExtensionService#_doActivateExtension vscode.git-base, startup: true, activationEvent: '*', root cause: vscode.git
2025-05-12 20:57:37.596 [info] ExtensionService#_doActivateExtension rust-lang.rust, startup: true, activationEvent: 'workspaceContains:Cargo.toml'
2025-05-12 20:57:37.632 [info] ExtensionService#_doActivateExtension rust-lang.rust-analyzer, startup: true, activationEvent: 'workspaceContains:Cargo.toml'
2025-05-12 20:57:37.725 [info] ExtensionService#_doActivateExtension vscode.git, startup: true, activationEvent: '*'
2025-05-12 20:57:37.778 [info] ExtensionService#_doActivateExtension vscode.github, startup: true, activationEvent: '*'
2025-05-12 20:57:37.813 [info] ExtensionService#_doActivateExtension vscode.configuration-editing, startup: false, activationEvent: 'onLanguage:jsonc'
2025-05-12 20:57:37.822 [info] ExtensionService#_doActivateExtension vscode.json-language-features, startup: false, activationEvent: 'onLanguage:jsonc'
2025-05-12 20:57:37.901 [info] ExtensionService#_doActivateExtension vscode.typescript-language-features, startup: false, activationEvent: 'onLanguage:jsonc'
2025-05-12 20:57:37.966 [info] ExtensionService#_doActivateExtension vscode.emmet, startup: false, activationEvent: 'onLanguage'
2025-05-12 20:57:38.383 [info] Eager extensions activated
2025-05-12 20:57:38.390 [info] ExtensionService#_doActivateExtension vscode.debug-auto-launch, startup: false, activationEvent: 'onStartupFinished'
2025-05-12 20:57:38.393 [info] ExtensionService#_doActivateExtension vscode.merge-conflict, startup: false, activationEvent: 'onStartupFinished'
2025-05-12 21:07:24.506 [info] ExtensionService#_doActivateExtension vscode.simple-browser, startup: false, activationEvent: 'onOpenExternalUri:https'
2025-05-12 21:09:07.056 [info] Extension host terminating: renderer closed the MessagePort
2025-05-12 21:09:07.079 [error] Canceled: Canceled
	at new XN (file:///usr/lib/code/out/vs/workbench/api/node/extensionHostProcess.js:29:111538)
	at f5.U (file:///usr/lib/code/out/vs/workbench/api/node/extensionHostProcess.js:29:116148)
	at s.<computed>.n.charCodeAt.s.<computed> (file:///usr/lib/code/out/vs/workbench/api/node/extensionHostProcess.js:29:113642)
	at Wb.g (file:///usr/lib/code/out/vs/workbench/api/node/extensionHostProcess.js:119:41004)
	at Wb.executeCommand (file:///usr/lib/code/out/vs/workbench/api/node/extensionHostProcess.js:119:40508)
	at i.registerCommand.description (file:///usr/lib/code/out/vs/workbench/api/node/extensionHostProcess.js:119:39838)
	at Wb.h (file:///usr/lib/code/out/vs/workbench/api/node/extensionHostProcess.js:119:41524)
	at Wb.g (file:///usr/lib/code/out/vs/workbench/api/node/extensionHostProcess.js:119:40601)
	at Wb.executeCommand (file:///usr/lib/code/out/vs/workbench/api/node/extensionHostProcess.js:119:40508)
	at Object.executeCommand (file:///usr/lib/code/out/vs/workbench/api/node/extensionHostProcess.js:170:31026)
	at ho (/home/ris3/.vscode-oss/extensions/rust-lang.rust-analyzer-0.3.2457-linux-x64/out/main.js:44:50227)
	at Object.Ix (/home/ris3/.vscode-oss/extensions/rust-lang.rust-analyzer-0.3.2457-linux-x64/out/main.js:386:593)
	at PJ.eb (file:///usr/lib/code/out/vs/workbench/api/node/extensionHostProcess.js:123:11724)
	at file:///usr/lib/code/out/vs/workbench/api/node/extensionHostProcess.js:123:9874
	at Array.map (<anonymous>)
	at PJ.$ (file:///usr/lib/code/out/vs/workbench/api/node/extensionHostProcess.js:123:9862)
	at PJ.terminate (file:///usr/lib/code/out/vs/workbench/api/node/extensionHostProcess.js:123:10105)
	at v2.terminate (file:///usr/lib/code/out/vs/workbench/api/node/extensionHostProcess.js:124:1434)
	at us (file:///usr/lib/code/out/vs/workbench/api/node/extensionHostProcess.js:225:5702)
	at MessagePortMain.<anonymous> (file:///usr/lib/code/out/vs/workbench/api/node/extensionHostProcess.js:225:2249)
	at MessagePortMain.emit (node:events:524:28)
	at MessagePortMain._internalPort.emit (node:electron/js2c/utility_init:2:2949)
2025-05-12 21:09:07.096 [info] Extension host with pid 8038 exiting with code 0
