2025-05-15 19:18:12.951 [info] Extension host with pid 2859 started
2025-05-15 19:18:12.951 [info] Skipping acquiring lock for /home/ris3/.config/Code - OSS/User/workspaceStorage/cf65a999f680f448d7d672b299d80196.
2025-05-15 19:18:13.168 [info] ExtensionService#_doActivateExtension vscode.emmet, startup: false, activationEvent: 'onLanguage'
2025-05-15 19:18:13.201 [info] ExtensionService#_doActivateExtension rust-lang.rust, startup: false, activationEvent: 'onLanguage:rust'
2025-05-15 19:18:13.314 [info] ExtensionService#_doActivateExtension rust-lang.rust-analyzer, startup: false, activationEvent: 'onLanguage:rust'
2025-05-15 19:18:14.044 [info] ExtensionService#_doActivateExtension vscode.configuration-editing, startup: false, activationEvent: 'onLanguage:jsonc'
2025-05-15 19:18:14.071 [info] ExtensionService#_doActivateExtension vscode.json-language-features, startup: false, activationEvent: 'onLanguage:jsonc'
2025-05-15 19:18:14.170 [info] ExtensionService#_doActivateExtension vscode.typescript-language-features, startup: false, activationEvent: 'onLanguage:jsonc'
2025-05-15 19:18:14.254 [info] ExtensionService#_doActivateExtension vscode.git-base, startup: true, activationEvent: '*', root cause: vscode.git
2025-05-15 19:18:14.304 [info] ExtensionService#_doActivateExtension vscode.git, startup: true, activationEvent: '*'
2025-05-15 19:18:14.447 [info] ExtensionService#_doActivateExtension vscode.github, startup: true, activationEvent: '*'
2025-05-15 19:18:15.437 [info] Eager extensions activated
2025-05-15 19:18:15.452 [info] ExtensionService#_doActivateExtension vscode.debug-auto-launch, startup: false, activationEvent: 'onStartupFinished'
2025-05-15 19:18:15.463 [info] ExtensionService#_doActivateExtension vscode.merge-conflict, startup: false, activationEvent: 'onStartupFinished'
2025-05-15 19:21:56.333 [error] [rust-lang.rust] provider FAILED
2025-05-15 19:21:56.334 [error] Error: Language client is not ready yet
	at LanguageClient.sendRequest (/home/ris3/.vscode-oss/extensions/rust-lang.rust-0.7.8-universal/node_modules/vscode-languageclient/lib/client.js:1789:19)
	at /home/ris3/.vscode-oss/extensions/rust-lang.rust-0.7.8-universal/out/src/providers/signatureHelpProvider.js:35:16
	at new Promise (<anonymous>)
	at SignatureHelpProvider.provideHover (/home/ris3/.vscode-oss/extensions/rust-lang.rust-0.7.8-universal/out/src/providers/signatureHelpProvider.js:34:16)
	at SignatureHelpProvider.provideSignatureHelp (/home/ris3/.vscode-oss/extensions/rust-lang.rust-0.7.8-universal/out/src/providers/signatureHelpProvider.js:15:25)
	at p4.provideSignatureHelp (file:///usr/lib/code/out/vs/workbench/api/node/extensionHostProcess.js:145:147895)
	at file:///usr/lib/code/out/vs/workbench/api/node/extensionHostProcess.js:145:166383
	at Zt.s (file:///usr/lib/code/out/vs/workbench/api/node/extensionHostProcess.js:145:155541)
	at Zt.$provideSignatureHelp (file:///usr/lib/code/out/vs/workbench/api/node/extensionHostProcess.js:145:166371)
	at f5.S (file:///usr/lib/code/out/vs/workbench/api/node/extensionHostProcess.js:29:116111)
	at f5.Q (file:///usr/lib/code/out/vs/workbench/api/node/extensionHostProcess.js:29:115891)
	at f5.M (file:///usr/lib/code/out/vs/workbench/api/node/extensionHostProcess.js:29:114942)
	at f5.L (file:///usr/lib/code/out/vs/workbench/api/node/extensionHostProcess.js:29:114085)
	at ed.value (file:///usr/lib/code/out/vs/workbench/api/node/extensionHostProcess.js:29:112882)
	at P.B (file:///usr/lib/code/out/vs/workbench/api/node/extensionHostProcess.js:27:2373)
	at P.fire (file:///usr/lib/code/out/vs/workbench/api/node/extensionHostProcess.js:27:2591)
	at lo.fire (file:///usr/lib/code/out/vs/workbench/api/node/extensionHostProcess.js:29:9458)
	at ed.value (file:///usr/lib/code/out/vs/workbench/api/node/extensionHostProcess.js:225:3917)
	at P.B (file:///usr/lib/code/out/vs/workbench/api/node/extensionHostProcess.js:27:2373)
	at P.fire (file:///usr/lib/code/out/vs/workbench/api/node/extensionHostProcess.js:27:2591)
	at lo.fire (file:///usr/lib/code/out/vs/workbench/api/node/extensionHostProcess.js:29:9458)
	at MessagePortMain.<anonymous> (file:///usr/lib/code/out/vs/workbench/api/node/extensionHostProcess.js:225:2209)
	at MessagePortMain.emit (node:events:524:28)
	at MessagePortMain._internalPort.emit (node:electron/js2c/utility_init:2:2949)
2025-05-15 20:04:55.987 [info] Extension host terminating: renderer closed the MessagePort
2025-05-15 20:04:56.006 [error] Canceled: Canceled
	at new XN (file:///usr/lib/code/out/vs/workbench/api/node/extensionHostProcess.js:29:111538)
	at f5.U (file:///usr/lib/code/out/vs/workbench/api/node/extensionHostProcess.js:29:116148)
	at s.<computed>.n.charCodeAt.s.<computed> (file:///usr/lib/code/out/vs/workbench/api/node/extensionHostProcess.js:29:113642)
	at Wb.g (file:///usr/lib/code/out/vs/workbench/api/node/extensionHostProcess.js:119:41004)
	at Wb.executeCommand (file:///usr/lib/code/out/vs/workbench/api/node/extensionHostProcess.js:119:40508)
	at i.registerCommand.description (file:///usr/lib/code/out/vs/workbench/api/node/extensionHostProcess.js:119:39838)
	at Wb.h (file:///usr/lib/code/out/vs/workbench/api/node/extensionHostProcess.js:119:41524)
	at Wb.g (file:///usr/lib/code/out/vs/workbench/api/node/extensionHostProcess.js:119:40601)
	at Wb.executeCommand (file:///usr/lib/code/out/vs/workbench/api/node/extensionHostProcess.js:119:40508)
	at Object.executeCommand (file:///usr/lib/code/out/vs/workbench/api/node/extensionHostProcess.js:170:31026)
	at ho (/home/ris3/.vscode-oss/extensions/rust-lang.rust-analyzer-0.3.2457-linux-x64/out/main.js:44:50227)
	at Object.Ix (/home/ris3/.vscode-oss/extensions/rust-lang.rust-analyzer-0.3.2457-linux-x64/out/main.js:386:593)
	at PJ.eb (file:///usr/lib/code/out/vs/workbench/api/node/extensionHostProcess.js:123:11724)
	at file:///usr/lib/code/out/vs/workbench/api/node/extensionHostProcess.js:123:9874
	at Array.map (<anonymous>)
	at PJ.$ (file:///usr/lib/code/out/vs/workbench/api/node/extensionHostProcess.js:123:9862)
	at PJ.terminate (file:///usr/lib/code/out/vs/workbench/api/node/extensionHostProcess.js:123:10105)
	at v2.terminate (file:///usr/lib/code/out/vs/workbench/api/node/extensionHostProcess.js:124:1434)
	at us (file:///usr/lib/code/out/vs/workbench/api/node/extensionHostProcess.js:225:5702)
	at MessagePortMain.<anonymous> (file:///usr/lib/code/out/vs/workbench/api/node/extensionHostProcess.js:225:2249)
	at MessagePortMain.emit (node:events:524:28)
	at MessagePortMain._internalPort.emit (node:electron/js2c/utility_init:2:2949)
2025-05-15 20:04:56.008 [info] Extension host with pid 2859 exiting with code 0
