2025-05-25 17:02:12.422 [info] Started local extension host with pid 5700.
2025-05-25 17:02:12.479 [info] ComputeTargetPlatform: linux-x64
2025-05-25 17:02:15.648 [info] [perf] Render performance baseline is 32ms
2025-05-25 17:02:16.926 [info] Auto updating outdated extensions. rust-lang.rust-analyzer
2025-05-25 17:02:23.026 [error] Signature verification was not executed.: SignatureVerificationInternal: Signature verification was not executed.
    at yh.xb (file:///usr/lib/code/out/vs/code/electron-utility/sharedProcess/sharedProcessMain.js:74:63971)
    at async yh.wb (file:///usr/lib/code/out/vs/code/electron-utility/sharedProcess/sharedProcessMain.js:74:62886)
2025-05-25 17:04:35.434 [error] Language client is not ready yet: Error: Language client is not ready yet
	at LanguageClient.sendRequest (/home/ris3/.vscode-oss/extensions/rust-lang.rust-0.7.8-universal/node_modules/vscode-languageclient/lib/client.js:1789:19)
	at /home/ris3/.vscode-oss/extensions/rust-lang.rust-0.7.8-universal/out/src/providers/signatureHelpProvider.js:35:16
	at new Promise (<anonymous>)
	at SignatureHelpProvider.provideHover (/home/ris3/.vscode-oss/extensions/rust-lang.rust-0.7.8-universal/out/src/providers/signatureHelpProvider.js:34:16)
	at SignatureHelpProvider.provideSignatureHelp (/home/ris3/.vscode-oss/extensions/rust-lang.rust-0.7.8-universal/out/src/providers/signatureHelpProvider.js:15:25)
	at p4.provideSignatureHelp (file:///usr/lib/code/out/vs/workbench/api/node/extensionHostProcess.js:145:147895)
	at file:///usr/lib/code/out/vs/workbench/api/node/extensionHostProcess.js:145:166383
	at Zt.s (file:///usr/lib/code/out/vs/workbench/api/node/extensionHostProcess.js:145:155541)
	at Zt.$provideSignatureHelp (file:///usr/lib/code/out/vs/workbench/api/node/extensionHostProcess.js:145:166371)
	at f5.S (file:///usr/lib/code/out/vs/workbench/api/node/extensionHostProcess.js:29:116111)
	at f5.Q (file:///usr/lib/code/out/vs/workbench/api/node/extensionHostProcess.js:29:115891)
	at f5.M (file:///usr/lib/code/out/vs/workbench/api/node/extensionHostProcess.js:29:114942)
	at f5.L (file:///usr/lib/code/out/vs/workbench/api/node/extensionHostProcess.js:29:114085)
	at ed.value (file:///usr/lib/code/out/vs/workbench/api/node/extensionHostProcess.js:29:112882)
	at P.B (file:///usr/lib/code/out/vs/workbench/api/node/extensionHostProcess.js:27:2373)
	at P.fire (file:///usr/lib/code/out/vs/workbench/api/node/extensionHostProcess.js:27:2591)
	at lo.fire (file:///usr/lib/code/out/vs/workbench/api/node/extensionHostProcess.js:29:9458)
	at ed.value (file:///usr/lib/code/out/vs/workbench/api/node/extensionHostProcess.js:225:3917)
	at P.B (file:///usr/lib/code/out/vs/workbench/api/node/extensionHostProcess.js:27:2373)
	at P.fire (file:///usr/lib/code/out/vs/workbench/api/node/extensionHostProcess.js:27:2591)
	at lo.fire (file:///usr/lib/code/out/vs/workbench/api/node/extensionHostProcess.js:29:9458)
	at MessagePortMain.<anonymous> (file:///usr/lib/code/out/vs/workbench/api/node/extensionHostProcess.js:225:2209)
	at MessagePortMain.emit (node:events:524:28)
	at MessagePortMain._internalPort.emit (node:electron/js2c/utility_init:2:2949)
2025-05-25 17:05:02.604 [error] Language client is not ready yet: Error: Language client is not ready yet
	at LanguageClient.sendRequest (/home/ris3/.vscode-oss/extensions/rust-lang.rust-0.7.8-universal/node_modules/vscode-languageclient/lib/client.js:1789:19)
	at /home/ris3/.vscode-oss/extensions/rust-lang.rust-0.7.8-universal/out/src/providers/signatureHelpProvider.js:35:16
	at new Promise (<anonymous>)
	at SignatureHelpProvider.provideHover (/home/ris3/.vscode-oss/extensions/rust-lang.rust-0.7.8-universal/out/src/providers/signatureHelpProvider.js:34:16)
	at SignatureHelpProvider.provideSignatureHelp (/home/ris3/.vscode-oss/extensions/rust-lang.rust-0.7.8-universal/out/src/providers/signatureHelpProvider.js:15:25)
	at p4.provideSignatureHelp (file:///usr/lib/code/out/vs/workbench/api/node/extensionHostProcess.js:145:147895)
	at file:///usr/lib/code/out/vs/workbench/api/node/extensionHostProcess.js:145:166383
	at Zt.s (file:///usr/lib/code/out/vs/workbench/api/node/extensionHostProcess.js:145:155541)
	at Zt.$provideSignatureHelp (file:///usr/lib/code/out/vs/workbench/api/node/extensionHostProcess.js:145:166371)
	at f5.S (file:///usr/lib/code/out/vs/workbench/api/node/extensionHostProcess.js:29:116111)
	at f5.Q (file:///usr/lib/code/out/vs/workbench/api/node/extensionHostProcess.js:29:115891)
	at f5.M (file:///usr/lib/code/out/vs/workbench/api/node/extensionHostProcess.js:29:114942)
	at f5.L (file:///usr/lib/code/out/vs/workbench/api/node/extensionHostProcess.js:29:114085)
	at ed.value (file:///usr/lib/code/out/vs/workbench/api/node/extensionHostProcess.js:29:112882)
	at P.B (file:///usr/lib/code/out/vs/workbench/api/node/extensionHostProcess.js:27:2373)
	at P.fire (file:///usr/lib/code/out/vs/workbench/api/node/extensionHostProcess.js:27:2591)
	at lo.fire (file:///usr/lib/code/out/vs/workbench/api/node/extensionHostProcess.js:29:9458)
	at ed.value (file:///usr/lib/code/out/vs/workbench/api/node/extensionHostProcess.js:225:3917)
	at P.B (file:///usr/lib/code/out/vs/workbench/api/node/extensionHostProcess.js:27:2373)
	at P.fire (file:///usr/lib/code/out/vs/workbench/api/node/extensionHostProcess.js:27:2591)
	at lo.fire (file:///usr/lib/code/out/vs/workbench/api/node/extensionHostProcess.js:29:9458)
	at MessagePortMain.<anonymous> (file:///usr/lib/code/out/vs/workbench/api/node/extensionHostProcess.js:225:2209)
	at MessagePortMain.emit (node:events:524:28)
	at MessagePortMain._internalPort.emit (node:electron/js2c/utility_init:2:2949)
2025-05-25 17:06:12.663 [error] Language client is not ready yet: Error: Language client is not ready yet
	at LanguageClient.sendRequest (/home/ris3/.vscode-oss/extensions/rust-lang.rust-0.7.8-universal/node_modules/vscode-languageclient/lib/client.js:1789:19)
	at /home/ris3/.vscode-oss/extensions/rust-lang.rust-0.7.8-universal/out/src/providers/signatureHelpProvider.js:35:16
	at new Promise (<anonymous>)
	at SignatureHelpProvider.provideHover (/home/ris3/.vscode-oss/extensions/rust-lang.rust-0.7.8-universal/out/src/providers/signatureHelpProvider.js:34:16)
	at SignatureHelpProvider.provideSignatureHelp (/home/ris3/.vscode-oss/extensions/rust-lang.rust-0.7.8-universal/out/src/providers/signatureHelpProvider.js:15:25)
	at p4.provideSignatureHelp (file:///usr/lib/code/out/vs/workbench/api/node/extensionHostProcess.js:145:147895)
	at file:///usr/lib/code/out/vs/workbench/api/node/extensionHostProcess.js:145:166383
	at Zt.s (file:///usr/lib/code/out/vs/workbench/api/node/extensionHostProcess.js:145:155541)
	at Zt.$provideSignatureHelp (file:///usr/lib/code/out/vs/workbench/api/node/extensionHostProcess.js:145:166371)
	at f5.S (file:///usr/lib/code/out/vs/workbench/api/node/extensionHostProcess.js:29:116111)
	at f5.Q (file:///usr/lib/code/out/vs/workbench/api/node/extensionHostProcess.js:29:115891)
	at f5.M (file:///usr/lib/code/out/vs/workbench/api/node/extensionHostProcess.js:29:114942)
	at f5.L (file:///usr/lib/code/out/vs/workbench/api/node/extensionHostProcess.js:29:114085)
	at ed.value (file:///usr/lib/code/out/vs/workbench/api/node/extensionHostProcess.js:29:112882)
	at P.B (file:///usr/lib/code/out/vs/workbench/api/node/extensionHostProcess.js:27:2373)
	at P.fire (file:///usr/lib/code/out/vs/workbench/api/node/extensionHostProcess.js:27:2591)
	at lo.fire (file:///usr/lib/code/out/vs/workbench/api/node/extensionHostProcess.js:29:9458)
	at ed.value (file:///usr/lib/code/out/vs/workbench/api/node/extensionHostProcess.js:225:3917)
	at P.B (file:///usr/lib/code/out/vs/workbench/api/node/extensionHostProcess.js:27:2373)
	at P.fire (file:///usr/lib/code/out/vs/workbench/api/node/extensionHostProcess.js:27:2591)
	at lo.fire (file:///usr/lib/code/out/vs/workbench/api/node/extensionHostProcess.js:29:9458)
	at MessagePortMain.<anonymous> (file:///usr/lib/code/out/vs/workbench/api/node/extensionHostProcess.js:225:2209)
	at MessagePortMain.emit (node:events:524:28)
	at MessagePortMain._internalPort.emit (node:electron/js2c/utility_init:2:2949)
2025-05-25 17:07:06.241 [error] Language client is not ready yet: Error: Language client is not ready yet
	at LanguageClient.sendRequest (/home/ris3/.vscode-oss/extensions/rust-lang.rust-0.7.8-universal/node_modules/vscode-languageclient/lib/client.js:1789:19)
	at /home/ris3/.vscode-oss/extensions/rust-lang.rust-0.7.8-universal/out/src/providers/signatureHelpProvider.js:35:16
	at new Promise (<anonymous>)
	at SignatureHelpProvider.provideHover (/home/ris3/.vscode-oss/extensions/rust-lang.rust-0.7.8-universal/out/src/providers/signatureHelpProvider.js:34:16)
	at SignatureHelpProvider.provideSignatureHelp (/home/ris3/.vscode-oss/extensions/rust-lang.rust-0.7.8-universal/out/src/providers/signatureHelpProvider.js:15:25)
	at p4.provideSignatureHelp (file:///usr/lib/code/out/vs/workbench/api/node/extensionHostProcess.js:145:147895)
	at file:///usr/lib/code/out/vs/workbench/api/node/extensionHostProcess.js:145:166383
	at Zt.s (file:///usr/lib/code/out/vs/workbench/api/node/extensionHostProcess.js:145:155541)
	at Zt.$provideSignatureHelp (file:///usr/lib/code/out/vs/workbench/api/node/extensionHostProcess.js:145:166371)
	at f5.S (file:///usr/lib/code/out/vs/workbench/api/node/extensionHostProcess.js:29:116111)
	at f5.Q (file:///usr/lib/code/out/vs/workbench/api/node/extensionHostProcess.js:29:115891)
	at f5.M (file:///usr/lib/code/out/vs/workbench/api/node/extensionHostProcess.js:29:114942)
	at f5.L (file:///usr/lib/code/out/vs/workbench/api/node/extensionHostProcess.js:29:114085)
	at ed.value (file:///usr/lib/code/out/vs/workbench/api/node/extensionHostProcess.js:29:112882)
	at P.B (file:///usr/lib/code/out/vs/workbench/api/node/extensionHostProcess.js:27:2373)
	at P.fire (file:///usr/lib/code/out/vs/workbench/api/node/extensionHostProcess.js:27:2591)
	at lo.fire (file:///usr/lib/code/out/vs/workbench/api/node/extensionHostProcess.js:29:9458)
	at ed.value (file:///usr/lib/code/out/vs/workbench/api/node/extensionHostProcess.js:225:3917)
	at P.B (file:///usr/lib/code/out/vs/workbench/api/node/extensionHostProcess.js:27:2373)
	at P.fire (file:///usr/lib/code/out/vs/workbench/api/node/extensionHostProcess.js:27:2591)
	at lo.fire (file:///usr/lib/code/out/vs/workbench/api/node/extensionHostProcess.js:29:9458)
	at MessagePortMain.<anonymous> (file:///usr/lib/code/out/vs/workbench/api/node/extensionHostProcess.js:225:2209)
	at MessagePortMain.emit (node:events:524:28)
	at MessagePortMain._internalPort.emit (node:electron/js2c/utility_init:2:2949)
2025-05-25 17:08:00.247 [error] Language client is not ready yet: Error: Language client is not ready yet
	at LanguageClient.sendRequest (/home/ris3/.vscode-oss/extensions/rust-lang.rust-0.7.8-universal/node_modules/vscode-languageclient/lib/client.js:1789:19)
	at /home/ris3/.vscode-oss/extensions/rust-lang.rust-0.7.8-universal/out/src/providers/signatureHelpProvider.js:35:16
	at new Promise (<anonymous>)
	at SignatureHelpProvider.provideHover (/home/ris3/.vscode-oss/extensions/rust-lang.rust-0.7.8-universal/out/src/providers/signatureHelpProvider.js:34:16)
	at SignatureHelpProvider.provideSignatureHelp (/home/ris3/.vscode-oss/extensions/rust-lang.rust-0.7.8-universal/out/src/providers/signatureHelpProvider.js:15:25)
	at p4.provideSignatureHelp (file:///usr/lib/code/out/vs/workbench/api/node/extensionHostProcess.js:145:147895)
	at file:///usr/lib/code/out/vs/workbench/api/node/extensionHostProcess.js:145:166383
	at Zt.s (file:///usr/lib/code/out/vs/workbench/api/node/extensionHostProcess.js:145:155541)
	at Zt.$provideSignatureHelp (file:///usr/lib/code/out/vs/workbench/api/node/extensionHostProcess.js:145:166371)
	at f5.S (file:///usr/lib/code/out/vs/workbench/api/node/extensionHostProcess.js:29:116111)
	at f5.Q (file:///usr/lib/code/out/vs/workbench/api/node/extensionHostProcess.js:29:115891)
	at f5.M (file:///usr/lib/code/out/vs/workbench/api/node/extensionHostProcess.js:29:114942)
	at f5.L (file:///usr/lib/code/out/vs/workbench/api/node/extensionHostProcess.js:29:114085)
	at ed.value (file:///usr/lib/code/out/vs/workbench/api/node/extensionHostProcess.js:29:112882)
	at P.B (file:///usr/lib/code/out/vs/workbench/api/node/extensionHostProcess.js:27:2373)
	at P.fire (file:///usr/lib/code/out/vs/workbench/api/node/extensionHostProcess.js:27:2591)
	at lo.fire (file:///usr/lib/code/out/vs/workbench/api/node/extensionHostProcess.js:29:9458)
	at ed.value (file:///usr/lib/code/out/vs/workbench/api/node/extensionHostProcess.js:225:3917)
	at P.B (file:///usr/lib/code/out/vs/workbench/api/node/extensionHostProcess.js:27:2373)
	at P.fire (file:///usr/lib/code/out/vs/workbench/api/node/extensionHostProcess.js:27:2591)
	at lo.fire (file:///usr/lib/code/out/vs/workbench/api/node/extensionHostProcess.js:29:9458)
	at MessagePortMain.<anonymous> (file:///usr/lib/code/out/vs/workbench/api/node/extensionHostProcess.js:225:2209)
	at MessagePortMain.emit (node:events:524:28)
	at MessagePortMain._internalPort.emit (node:electron/js2c/utility_init:2:2949)
2025-05-25 17:08:06.413 [error] Language client is not ready yet: Error: Language client is not ready yet
	at LanguageClient.sendRequest (/home/ris3/.vscode-oss/extensions/rust-lang.rust-0.7.8-universal/node_modules/vscode-languageclient/lib/client.js:1789:19)
	at /home/ris3/.vscode-oss/extensions/rust-lang.rust-0.7.8-universal/out/src/providers/signatureHelpProvider.js:35:16
	at new Promise (<anonymous>)
	at SignatureHelpProvider.provideHover (/home/ris3/.vscode-oss/extensions/rust-lang.rust-0.7.8-universal/out/src/providers/signatureHelpProvider.js:34:16)
	at SignatureHelpProvider.provideSignatureHelp (/home/ris3/.vscode-oss/extensions/rust-lang.rust-0.7.8-universal/out/src/providers/signatureHelpProvider.js:20:29)
	at p4.provideSignatureHelp (file:///usr/lib/code/out/vs/workbench/api/node/extensionHostProcess.js:145:147895)
	at file:///usr/lib/code/out/vs/workbench/api/node/extensionHostProcess.js:145:166383
	at Zt.s (file:///usr/lib/code/out/vs/workbench/api/node/extensionHostProcess.js:145:155541)
	at Zt.$provideSignatureHelp (file:///usr/lib/code/out/vs/workbench/api/node/extensionHostProcess.js:145:166371)
	at f5.S (file:///usr/lib/code/out/vs/workbench/api/node/extensionHostProcess.js:29:116111)
	at f5.Q (file:///usr/lib/code/out/vs/workbench/api/node/extensionHostProcess.js:29:115891)
	at f5.M (file:///usr/lib/code/out/vs/workbench/api/node/extensionHostProcess.js:29:114942)
	at f5.L (file:///usr/lib/code/out/vs/workbench/api/node/extensionHostProcess.js:29:114085)
	at ed.value (file:///usr/lib/code/out/vs/workbench/api/node/extensionHostProcess.js:29:112882)
	at P.B (file:///usr/lib/code/out/vs/workbench/api/node/extensionHostProcess.js:27:2373)
	at P.fire (file:///usr/lib/code/out/vs/workbench/api/node/extensionHostProcess.js:27:2591)
	at lo.fire (file:///usr/lib/code/out/vs/workbench/api/node/extensionHostProcess.js:29:9458)
	at ed.value (file:///usr/lib/code/out/vs/workbench/api/node/extensionHostProcess.js:225:3917)
	at P.B (file:///usr/lib/code/out/vs/workbench/api/node/extensionHostProcess.js:27:2373)
	at P.fire (file:///usr/lib/code/out/vs/workbench/api/node/extensionHostProcess.js:27:2591)
	at lo.fire (file:///usr/lib/code/out/vs/workbench/api/node/extensionHostProcess.js:29:9458)
	at MessagePortMain.<anonymous> (file:///usr/lib/code/out/vs/workbench/api/node/extensionHostProcess.js:225:2209)
	at MessagePortMain.emit (node:events:524:28)
	at MessagePortMain._internalPort.emit (node:electron/js2c/utility_init:2:2949)
2025-05-25 17:12:40.395 [error] Language client is not ready yet: Error: Language client is not ready yet
	at LanguageClient.sendRequest (/home/ris3/.vscode-oss/extensions/rust-lang.rust-0.7.8-universal/node_modules/vscode-languageclient/lib/client.js:1789:19)
	at /home/ris3/.vscode-oss/extensions/rust-lang.rust-0.7.8-universal/out/src/providers/signatureHelpProvider.js:35:16
	at new Promise (<anonymous>)
	at SignatureHelpProvider.provideHover (/home/ris3/.vscode-oss/extensions/rust-lang.rust-0.7.8-universal/out/src/providers/signatureHelpProvider.js:34:16)
	at SignatureHelpProvider.provideSignatureHelp (/home/ris3/.vscode-oss/extensions/rust-lang.rust-0.7.8-universal/out/src/providers/signatureHelpProvider.js:15:25)
	at p4.provideSignatureHelp (file:///usr/lib/code/out/vs/workbench/api/node/extensionHostProcess.js:145:147895)
	at file:///usr/lib/code/out/vs/workbench/api/node/extensionHostProcess.js:145:166383
	at Zt.s (file:///usr/lib/code/out/vs/workbench/api/node/extensionHostProcess.js:145:155541)
	at Zt.$provideSignatureHelp (file:///usr/lib/code/out/vs/workbench/api/node/extensionHostProcess.js:145:166371)
	at f5.S (file:///usr/lib/code/out/vs/workbench/api/node/extensionHostProcess.js:29:116111)
	at f5.Q (file:///usr/lib/code/out/vs/workbench/api/node/extensionHostProcess.js:29:115891)
	at f5.M (file:///usr/lib/code/out/vs/workbench/api/node/extensionHostProcess.js:29:114942)
	at f5.L (file:///usr/lib/code/out/vs/workbench/api/node/extensionHostProcess.js:29:114085)
	at ed.value (file:///usr/lib/code/out/vs/workbench/api/node/extensionHostProcess.js:29:112882)
	at P.B (file:///usr/lib/code/out/vs/workbench/api/node/extensionHostProcess.js:27:2373)
	at P.fire (file:///usr/lib/code/out/vs/workbench/api/node/extensionHostProcess.js:27:2591)
	at lo.fire (file:///usr/lib/code/out/vs/workbench/api/node/extensionHostProcess.js:29:9458)
	at ed.value (file:///usr/lib/code/out/vs/workbench/api/node/extensionHostProcess.js:225:3917)
	at P.B (file:///usr/lib/code/out/vs/workbench/api/node/extensionHostProcess.js:27:2373)
	at P.fire (file:///usr/lib/code/out/vs/workbench/api/node/extensionHostProcess.js:27:2591)
	at lo.fire (file:///usr/lib/code/out/vs/workbench/api/node/extensionHostProcess.js:29:9458)
	at MessagePortMain.<anonymous> (file:///usr/lib/code/out/vs/workbench/api/node/extensionHostProcess.js:225:2209)
	at MessagePortMain.emit (node:events:524:28)
	at MessagePortMain._internalPort.emit (node:electron/js2c/utility_init:2:2949)
2025-05-25 17:12:54.987 [error] Language client is not ready yet: Error: Language client is not ready yet
	at LanguageClient.sendRequest (/home/ris3/.vscode-oss/extensions/rust-lang.rust-0.7.8-universal/node_modules/vscode-languageclient/lib/client.js:1789:19)
	at /home/ris3/.vscode-oss/extensions/rust-lang.rust-0.7.8-universal/out/src/providers/signatureHelpProvider.js:35:16
	at new Promise (<anonymous>)
	at SignatureHelpProvider.provideHover (/home/ris3/.vscode-oss/extensions/rust-lang.rust-0.7.8-universal/out/src/providers/signatureHelpProvider.js:34:16)
	at SignatureHelpProvider.provideSignatureHelp (/home/ris3/.vscode-oss/extensions/rust-lang.rust-0.7.8-universal/out/src/providers/signatureHelpProvider.js:15:25)
	at p4.provideSignatureHelp (file:///usr/lib/code/out/vs/workbench/api/node/extensionHostProcess.js:145:147895)
	at file:///usr/lib/code/out/vs/workbench/api/node/extensionHostProcess.js:145:166383
	at Zt.s (file:///usr/lib/code/out/vs/workbench/api/node/extensionHostProcess.js:145:155541)
	at Zt.$provideSignatureHelp (file:///usr/lib/code/out/vs/workbench/api/node/extensionHostProcess.js:145:166371)
	at f5.S (file:///usr/lib/code/out/vs/workbench/api/node/extensionHostProcess.js:29:116111)
	at f5.Q (file:///usr/lib/code/out/vs/workbench/api/node/extensionHostProcess.js:29:115891)
	at f5.M (file:///usr/lib/code/out/vs/workbench/api/node/extensionHostProcess.js:29:114942)
	at f5.L (file:///usr/lib/code/out/vs/workbench/api/node/extensionHostProcess.js:29:114085)
	at ed.value (file:///usr/lib/code/out/vs/workbench/api/node/extensionHostProcess.js:29:112882)
	at P.B (file:///usr/lib/code/out/vs/workbench/api/node/extensionHostProcess.js:27:2373)
	at P.fire (file:///usr/lib/code/out/vs/workbench/api/node/extensionHostProcess.js:27:2591)
	at lo.fire (file:///usr/lib/code/out/vs/workbench/api/node/extensionHostProcess.js:29:9458)
	at ed.value (file:///usr/lib/code/out/vs/workbench/api/node/extensionHostProcess.js:225:3917)
	at P.B (file:///usr/lib/code/out/vs/workbench/api/node/extensionHostProcess.js:27:2373)
	at P.fire (file:///usr/lib/code/out/vs/workbench/api/node/extensionHostProcess.js:27:2591)
	at lo.fire (file:///usr/lib/code/out/vs/workbench/api/node/extensionHostProcess.js:29:9458)
	at MessagePortMain.<anonymous> (file:///usr/lib/code/out/vs/workbench/api/node/extensionHostProcess.js:225:2209)
	at MessagePortMain.emit (node:events:524:28)
	at MessagePortMain._internalPort.emit (node:electron/js2c/utility_init:2:2949)
2025-05-25 17:14:59.049 [error] Language client is not ready yet: Error: Language client is not ready yet
	at LanguageClient.sendRequest (/home/ris3/.vscode-oss/extensions/rust-lang.rust-0.7.8-universal/node_modules/vscode-languageclient/lib/client.js:1789:19)
	at /home/ris3/.vscode-oss/extensions/rust-lang.rust-0.7.8-universal/out/src/providers/signatureHelpProvider.js:35:16
	at new Promise (<anonymous>)
	at SignatureHelpProvider.provideHover (/home/ris3/.vscode-oss/extensions/rust-lang.rust-0.7.8-universal/out/src/providers/signatureHelpProvider.js:34:16)
	at SignatureHelpProvider.provideSignatureHelp (/home/ris3/.vscode-oss/extensions/rust-lang.rust-0.7.8-universal/out/src/providers/signatureHelpProvider.js:15:25)
	at p4.provideSignatureHelp (file:///usr/lib/code/out/vs/workbench/api/node/extensionHostProcess.js:145:147895)
	at file:///usr/lib/code/out/vs/workbench/api/node/extensionHostProcess.js:145:166383
	at Zt.s (file:///usr/lib/code/out/vs/workbench/api/node/extensionHostProcess.js:145:155541)
	at Zt.$provideSignatureHelp (file:///usr/lib/code/out/vs/workbench/api/node/extensionHostProcess.js:145:166371)
	at f5.S (file:///usr/lib/code/out/vs/workbench/api/node/extensionHostProcess.js:29:116111)
	at f5.Q (file:///usr/lib/code/out/vs/workbench/api/node/extensionHostProcess.js:29:115891)
	at f5.M (file:///usr/lib/code/out/vs/workbench/api/node/extensionHostProcess.js:29:114942)
	at f5.L (file:///usr/lib/code/out/vs/workbench/api/node/extensionHostProcess.js:29:114085)
	at ed.value (file:///usr/lib/code/out/vs/workbench/api/node/extensionHostProcess.js:29:112882)
	at P.B (file:///usr/lib/code/out/vs/workbench/api/node/extensionHostProcess.js:27:2373)
	at P.fire (file:///usr/lib/code/out/vs/workbench/api/node/extensionHostProcess.js:27:2591)
	at lo.fire (file:///usr/lib/code/out/vs/workbench/api/node/extensionHostProcess.js:29:9458)
	at ed.value (file:///usr/lib/code/out/vs/workbench/api/node/extensionHostProcess.js:225:3917)
	at P.B (file:///usr/lib/code/out/vs/workbench/api/node/extensionHostProcess.js:27:2373)
	at P.fire (file:///usr/lib/code/out/vs/workbench/api/node/extensionHostProcess.js:27:2591)
	at lo.fire (file:///usr/lib/code/out/vs/workbench/api/node/extensionHostProcess.js:29:9458)
	at MessagePortMain.<anonymous> (file:///usr/lib/code/out/vs/workbench/api/node/extensionHostProcess.js:225:2209)
	at MessagePortMain.emit (node:events:524:28)
	at MessagePortMain._internalPort.emit (node:electron/js2c/utility_init:2:2949)
2025-05-25 17:17:19.976 [error] Language client is not ready yet: Error: Language client is not ready yet
	at LanguageClient.sendRequest (/home/ris3/.vscode-oss/extensions/rust-lang.rust-0.7.8-universal/node_modules/vscode-languageclient/lib/client.js:1789:19)
	at /home/ris3/.vscode-oss/extensions/rust-lang.rust-0.7.8-universal/out/src/providers/signatureHelpProvider.js:35:16
	at new Promise (<anonymous>)
	at SignatureHelpProvider.provideHover (/home/ris3/.vscode-oss/extensions/rust-lang.rust-0.7.8-universal/out/src/providers/signatureHelpProvider.js:34:16)
	at SignatureHelpProvider.provideSignatureHelp (/home/ris3/.vscode-oss/extensions/rust-lang.rust-0.7.8-universal/out/src/providers/signatureHelpProvider.js:15:25)
	at p4.provideSignatureHelp (file:///usr/lib/code/out/vs/workbench/api/node/extensionHostProcess.js:145:147895)
	at file:///usr/lib/code/out/vs/workbench/api/node/extensionHostProcess.js:145:166383
	at Zt.s (file:///usr/lib/code/out/vs/workbench/api/node/extensionHostProcess.js:145:155541)
	at Zt.$provideSignatureHelp (file:///usr/lib/code/out/vs/workbench/api/node/extensionHostProcess.js:145:166371)
	at f5.S (file:///usr/lib/code/out/vs/workbench/api/node/extensionHostProcess.js:29:116111)
	at f5.Q (file:///usr/lib/code/out/vs/workbench/api/node/extensionHostProcess.js:29:115891)
	at f5.M (file:///usr/lib/code/out/vs/workbench/api/node/extensionHostProcess.js:29:114942)
	at f5.L (file:///usr/lib/code/out/vs/workbench/api/node/extensionHostProcess.js:29:114085)
	at ed.value (file:///usr/lib/code/out/vs/workbench/api/node/extensionHostProcess.js:29:112882)
	at P.B (file:///usr/lib/code/out/vs/workbench/api/node/extensionHostProcess.js:27:2373)
	at P.fire (file:///usr/lib/code/out/vs/workbench/api/node/extensionHostProcess.js:27:2591)
	at lo.fire (file:///usr/lib/code/out/vs/workbench/api/node/extensionHostProcess.js:29:9458)
	at ed.value (file:///usr/lib/code/out/vs/workbench/api/node/extensionHostProcess.js:225:3917)
	at P.B (file:///usr/lib/code/out/vs/workbench/api/node/extensionHostProcess.js:27:2373)
	at P.fire (file:///usr/lib/code/out/vs/workbench/api/node/extensionHostProcess.js:27:2591)
	at lo.fire (file:///usr/lib/code/out/vs/workbench/api/node/extensionHostProcess.js:29:9458)
	at MessagePortMain.<anonymous> (file:///usr/lib/code/out/vs/workbench/api/node/extensionHostProcess.js:225:2209)
	at MessagePortMain.emit (node:events:524:28)
	at MessagePortMain._internalPort.emit (node:electron/js2c/utility_init:2:2949)
2025-05-25 17:17:43.649 [error] Language client is not ready yet: Error: Language client is not ready yet
	at LanguageClient.sendRequest (/home/ris3/.vscode-oss/extensions/rust-lang.rust-0.7.8-universal/node_modules/vscode-languageclient/lib/client.js:1789:19)
	at /home/ris3/.vscode-oss/extensions/rust-lang.rust-0.7.8-universal/out/src/providers/signatureHelpProvider.js:35:16
	at new Promise (<anonymous>)
	at SignatureHelpProvider.provideHover (/home/ris3/.vscode-oss/extensions/rust-lang.rust-0.7.8-universal/out/src/providers/signatureHelpProvider.js:34:16)
	at SignatureHelpProvider.provideSignatureHelp (/home/ris3/.vscode-oss/extensions/rust-lang.rust-0.7.8-universal/out/src/providers/signatureHelpProvider.js:15:25)
	at p4.provideSignatureHelp (file:///usr/lib/code/out/vs/workbench/api/node/extensionHostProcess.js:145:147895)
	at file:///usr/lib/code/out/vs/workbench/api/node/extensionHostProcess.js:145:166383
	at Zt.s (file:///usr/lib/code/out/vs/workbench/api/node/extensionHostProcess.js:145:155541)
	at Zt.$provideSignatureHelp (file:///usr/lib/code/out/vs/workbench/api/node/extensionHostProcess.js:145:166371)
	at f5.S (file:///usr/lib/code/out/vs/workbench/api/node/extensionHostProcess.js:29:116111)
	at f5.Q (file:///usr/lib/code/out/vs/workbench/api/node/extensionHostProcess.js:29:115891)
	at f5.M (file:///usr/lib/code/out/vs/workbench/api/node/extensionHostProcess.js:29:114942)
	at f5.L (file:///usr/lib/code/out/vs/workbench/api/node/extensionHostProcess.js:29:114085)
	at ed.value (file:///usr/lib/code/out/vs/workbench/api/node/extensionHostProcess.js:29:112882)
	at P.B (file:///usr/lib/code/out/vs/workbench/api/node/extensionHostProcess.js:27:2373)
	at P.fire (file:///usr/lib/code/out/vs/workbench/api/node/extensionHostProcess.js:27:2591)
	at lo.fire (file:///usr/lib/code/out/vs/workbench/api/node/extensionHostProcess.js:29:9458)
	at ed.value (file:///usr/lib/code/out/vs/workbench/api/node/extensionHostProcess.js:225:3917)
	at P.B (file:///usr/lib/code/out/vs/workbench/api/node/extensionHostProcess.js:27:2373)
	at P.fire (file:///usr/lib/code/out/vs/workbench/api/node/extensionHostProcess.js:27:2591)
	at lo.fire (file:///usr/lib/code/out/vs/workbench/api/node/extensionHostProcess.js:29:9458)
	at MessagePortMain.<anonymous> (file:///usr/lib/code/out/vs/workbench/api/node/extensionHostProcess.js:225:2209)
	at MessagePortMain.emit (node:events:524:28)
	at MessagePortMain._internalPort.emit (node:electron/js2c/utility_init:2:2949)
2025-05-25 17:18:06.376 [error] Language client is not ready yet: Error: Language client is not ready yet
	at LanguageClient.sendRequest (/home/ris3/.vscode-oss/extensions/rust-lang.rust-0.7.8-universal/node_modules/vscode-languageclient/lib/client.js:1789:19)
	at /home/ris3/.vscode-oss/extensions/rust-lang.rust-0.7.8-universal/out/src/providers/signatureHelpProvider.js:35:16
	at new Promise (<anonymous>)
	at SignatureHelpProvider.provideHover (/home/ris3/.vscode-oss/extensions/rust-lang.rust-0.7.8-universal/out/src/providers/signatureHelpProvider.js:34:16)
	at SignatureHelpProvider.provideSignatureHelp (/home/ris3/.vscode-oss/extensions/rust-lang.rust-0.7.8-universal/out/src/providers/signatureHelpProvider.js:15:25)
	at p4.provideSignatureHelp (file:///usr/lib/code/out/vs/workbench/api/node/extensionHostProcess.js:145:147895)
	at file:///usr/lib/code/out/vs/workbench/api/node/extensionHostProcess.js:145:166383
	at Zt.s (file:///usr/lib/code/out/vs/workbench/api/node/extensionHostProcess.js:145:155541)
	at Zt.$provideSignatureHelp (file:///usr/lib/code/out/vs/workbench/api/node/extensionHostProcess.js:145:166371)
	at f5.S (file:///usr/lib/code/out/vs/workbench/api/node/extensionHostProcess.js:29:116111)
	at f5.Q (file:///usr/lib/code/out/vs/workbench/api/node/extensionHostProcess.js:29:115891)
	at f5.M (file:///usr/lib/code/out/vs/workbench/api/node/extensionHostProcess.js:29:114942)
	at f5.L (file:///usr/lib/code/out/vs/workbench/api/node/extensionHostProcess.js:29:114085)
	at ed.value (file:///usr/lib/code/out/vs/workbench/api/node/extensionHostProcess.js:29:112882)
	at P.B (file:///usr/lib/code/out/vs/workbench/api/node/extensionHostProcess.js:27:2373)
	at P.fire (file:///usr/lib/code/out/vs/workbench/api/node/extensionHostProcess.js:27:2591)
	at lo.fire (file:///usr/lib/code/out/vs/workbench/api/node/extensionHostProcess.js:29:9458)
	at ed.value (file:///usr/lib/code/out/vs/workbench/api/node/extensionHostProcess.js:225:3917)
	at P.B (file:///usr/lib/code/out/vs/workbench/api/node/extensionHostProcess.js:27:2373)
	at P.fire (file:///usr/lib/code/out/vs/workbench/api/node/extensionHostProcess.js:27:2591)
	at lo.fire (file:///usr/lib/code/out/vs/workbench/api/node/extensionHostProcess.js:29:9458)
	at MessagePortMain.<anonymous> (file:///usr/lib/code/out/vs/workbench/api/node/extensionHostProcess.js:225:2209)
	at MessagePortMain.emit (node:events:524:28)
	at MessagePortMain._internalPort.emit (node:electron/js2c/utility_init:2:2949)
2025-05-25 17:24:40.718 [error] Language client is not ready yet: Error: Language client is not ready yet
	at LanguageClient.sendRequest (/home/ris3/.vscode-oss/extensions/rust-lang.rust-0.7.8-universal/node_modules/vscode-languageclient/lib/client.js:1789:19)
	at /home/ris3/.vscode-oss/extensions/rust-lang.rust-0.7.8-universal/out/src/providers/signatureHelpProvider.js:35:16
	at new Promise (<anonymous>)
	at SignatureHelpProvider.provideHover (/home/ris3/.vscode-oss/extensions/rust-lang.rust-0.7.8-universal/out/src/providers/signatureHelpProvider.js:34:16)
	at SignatureHelpProvider.provideSignatureHelp (/home/ris3/.vscode-oss/extensions/rust-lang.rust-0.7.8-universal/out/src/providers/signatureHelpProvider.js:15:25)
	at p4.provideSignatureHelp (file:///usr/lib/code/out/vs/workbench/api/node/extensionHostProcess.js:145:147895)
	at file:///usr/lib/code/out/vs/workbench/api/node/extensionHostProcess.js:145:166383
	at Zt.s (file:///usr/lib/code/out/vs/workbench/api/node/extensionHostProcess.js:145:155541)
	at Zt.$provideSignatureHelp (file:///usr/lib/code/out/vs/workbench/api/node/extensionHostProcess.js:145:166371)
	at f5.S (file:///usr/lib/code/out/vs/workbench/api/node/extensionHostProcess.js:29:116111)
	at f5.Q (file:///usr/lib/code/out/vs/workbench/api/node/extensionHostProcess.js:29:115891)
	at f5.M (file:///usr/lib/code/out/vs/workbench/api/node/extensionHostProcess.js:29:114942)
	at f5.L (file:///usr/lib/code/out/vs/workbench/api/node/extensionHostProcess.js:29:114085)
	at ed.value (file:///usr/lib/code/out/vs/workbench/api/node/extensionHostProcess.js:29:112882)
	at P.B (file:///usr/lib/code/out/vs/workbench/api/node/extensionHostProcess.js:27:2373)
	at P.fire (file:///usr/lib/code/out/vs/workbench/api/node/extensionHostProcess.js:27:2591)
	at lo.fire (file:///usr/lib/code/out/vs/workbench/api/node/extensionHostProcess.js:29:9458)
	at ed.value (file:///usr/lib/code/out/vs/workbench/api/node/extensionHostProcess.js:225:3917)
	at P.B (file:///usr/lib/code/out/vs/workbench/api/node/extensionHostProcess.js:27:2373)
	at P.fire (file:///usr/lib/code/out/vs/workbench/api/node/extensionHostProcess.js:27:2591)
	at lo.fire (file:///usr/lib/code/out/vs/workbench/api/node/extensionHostProcess.js:29:9458)
	at MessagePortMain.<anonymous> (file:///usr/lib/code/out/vs/workbench/api/node/extensionHostProcess.js:225:2209)
	at MessagePortMain.emit (node:events:524:28)
	at MessagePortMain._internalPort.emit (node:electron/js2c/utility_init:2:2949)
2025-05-25 17:25:31.009 [error] Language client is not ready yet: Error: Language client is not ready yet
	at LanguageClient.sendRequest (/home/ris3/.vscode-oss/extensions/rust-lang.rust-0.7.8-universal/node_modules/vscode-languageclient/lib/client.js:1789:19)
	at /home/ris3/.vscode-oss/extensions/rust-lang.rust-0.7.8-universal/out/src/providers/signatureHelpProvider.js:35:16
	at new Promise (<anonymous>)
	at SignatureHelpProvider.provideHover (/home/ris3/.vscode-oss/extensions/rust-lang.rust-0.7.8-universal/out/src/providers/signatureHelpProvider.js:34:16)
	at SignatureHelpProvider.provideSignatureHelp (/home/ris3/.vscode-oss/extensions/rust-lang.rust-0.7.8-universal/out/src/providers/signatureHelpProvider.js:15:25)
	at p4.provideSignatureHelp (file:///usr/lib/code/out/vs/workbench/api/node/extensionHostProcess.js:145:147895)
	at file:///usr/lib/code/out/vs/workbench/api/node/extensionHostProcess.js:145:166383
	at Zt.s (file:///usr/lib/code/out/vs/workbench/api/node/extensionHostProcess.js:145:155541)
	at Zt.$provideSignatureHelp (file:///usr/lib/code/out/vs/workbench/api/node/extensionHostProcess.js:145:166371)
	at f5.S (file:///usr/lib/code/out/vs/workbench/api/node/extensionHostProcess.js:29:116111)
	at f5.Q (file:///usr/lib/code/out/vs/workbench/api/node/extensionHostProcess.js:29:115891)
	at f5.M (file:///usr/lib/code/out/vs/workbench/api/node/extensionHostProcess.js:29:114942)
	at f5.L (file:///usr/lib/code/out/vs/workbench/api/node/extensionHostProcess.js:29:114085)
	at ed.value (file:///usr/lib/code/out/vs/workbench/api/node/extensionHostProcess.js:29:112882)
	at P.B (file:///usr/lib/code/out/vs/workbench/api/node/extensionHostProcess.js:27:2373)
	at P.fire (file:///usr/lib/code/out/vs/workbench/api/node/extensionHostProcess.js:27:2591)
	at lo.fire (file:///usr/lib/code/out/vs/workbench/api/node/extensionHostProcess.js:29:9458)
	at ed.value (file:///usr/lib/code/out/vs/workbench/api/node/extensionHostProcess.js:225:3917)
	at P.B (file:///usr/lib/code/out/vs/workbench/api/node/extensionHostProcess.js:27:2373)
	at P.fire (file:///usr/lib/code/out/vs/workbench/api/node/extensionHostProcess.js:27:2591)
	at lo.fire (file:///usr/lib/code/out/vs/workbench/api/node/extensionHostProcess.js:29:9458)
	at MessagePortMain.<anonymous> (file:///usr/lib/code/out/vs/workbench/api/node/extensionHostProcess.js:225:2209)
	at MessagePortMain.emit (node:events:524:28)
	at MessagePortMain._internalPort.emit (node:electron/js2c/utility_init:2:2949)
2025-05-25 17:29:50.513 [error] Language client is not ready yet: Error: Language client is not ready yet
	at LanguageClient.sendRequest (/home/ris3/.vscode-oss/extensions/rust-lang.rust-0.7.8-universal/node_modules/vscode-languageclient/lib/client.js:1789:19)
	at /home/ris3/.vscode-oss/extensions/rust-lang.rust-0.7.8-universal/out/src/providers/signatureHelpProvider.js:35:16
	at new Promise (<anonymous>)
	at SignatureHelpProvider.provideHover (/home/ris3/.vscode-oss/extensions/rust-lang.rust-0.7.8-universal/out/src/providers/signatureHelpProvider.js:34:16)
	at SignatureHelpProvider.provideSignatureHelp (/home/ris3/.vscode-oss/extensions/rust-lang.rust-0.7.8-universal/out/src/providers/signatureHelpProvider.js:15:25)
	at p4.provideSignatureHelp (file:///usr/lib/code/out/vs/workbench/api/node/extensionHostProcess.js:145:147895)
	at file:///usr/lib/code/out/vs/workbench/api/node/extensionHostProcess.js:145:166383
	at Zt.s (file:///usr/lib/code/out/vs/workbench/api/node/extensionHostProcess.js:145:155541)
	at Zt.$provideSignatureHelp (file:///usr/lib/code/out/vs/workbench/api/node/extensionHostProcess.js:145:166371)
	at f5.S (file:///usr/lib/code/out/vs/workbench/api/node/extensionHostProcess.js:29:116111)
	at f5.Q (file:///usr/lib/code/out/vs/workbench/api/node/extensionHostProcess.js:29:115891)
	at f5.M (file:///usr/lib/code/out/vs/workbench/api/node/extensionHostProcess.js:29:114942)
	at f5.L (file:///usr/lib/code/out/vs/workbench/api/node/extensionHostProcess.js:29:114085)
	at ed.value (file:///usr/lib/code/out/vs/workbench/api/node/extensionHostProcess.js:29:112882)
	at P.B (file:///usr/lib/code/out/vs/workbench/api/node/extensionHostProcess.js:27:2373)
	at P.fire (file:///usr/lib/code/out/vs/workbench/api/node/extensionHostProcess.js:27:2591)
	at lo.fire (file:///usr/lib/code/out/vs/workbench/api/node/extensionHostProcess.js:29:9458)
	at ed.value (file:///usr/lib/code/out/vs/workbench/api/node/extensionHostProcess.js:225:3917)
	at P.B (file:///usr/lib/code/out/vs/workbench/api/node/extensionHostProcess.js:27:2373)
	at P.fire (file:///usr/lib/code/out/vs/workbench/api/node/extensionHostProcess.js:27:2591)
	at lo.fire (file:///usr/lib/code/out/vs/workbench/api/node/extensionHostProcess.js:29:9458)
	at MessagePortMain.<anonymous> (file:///usr/lib/code/out/vs/workbench/api/node/extensionHostProcess.js:225:2209)
	at MessagePortMain.emit (node:events:524:28)
	at MessagePortMain._internalPort.emit (node:electron/js2c/utility_init:2:2949)
2025-05-25 17:32:26.915 [error] Language client is not ready yet: Error: Language client is not ready yet
	at LanguageClient.sendRequest (/home/ris3/.vscode-oss/extensions/rust-lang.rust-0.7.8-universal/node_modules/vscode-languageclient/lib/client.js:1789:19)
	at /home/ris3/.vscode-oss/extensions/rust-lang.rust-0.7.8-universal/out/src/providers/signatureHelpProvider.js:35:16
	at new Promise (<anonymous>)
	at SignatureHelpProvider.provideHover (/home/ris3/.vscode-oss/extensions/rust-lang.rust-0.7.8-universal/out/src/providers/signatureHelpProvider.js:34:16)
	at SignatureHelpProvider.provideSignatureHelp (/home/ris3/.vscode-oss/extensions/rust-lang.rust-0.7.8-universal/out/src/providers/signatureHelpProvider.js:15:25)
	at p4.provideSignatureHelp (file:///usr/lib/code/out/vs/workbench/api/node/extensionHostProcess.js:145:147895)
	at file:///usr/lib/code/out/vs/workbench/api/node/extensionHostProcess.js:145:166383
	at Zt.s (file:///usr/lib/code/out/vs/workbench/api/node/extensionHostProcess.js:145:155541)
	at Zt.$provideSignatureHelp (file:///usr/lib/code/out/vs/workbench/api/node/extensionHostProcess.js:145:166371)
	at f5.S (file:///usr/lib/code/out/vs/workbench/api/node/extensionHostProcess.js:29:116111)
	at f5.Q (file:///usr/lib/code/out/vs/workbench/api/node/extensionHostProcess.js:29:115891)
	at f5.M (file:///usr/lib/code/out/vs/workbench/api/node/extensionHostProcess.js:29:114942)
	at f5.L (file:///usr/lib/code/out/vs/workbench/api/node/extensionHostProcess.js:29:114085)
	at ed.value (file:///usr/lib/code/out/vs/workbench/api/node/extensionHostProcess.js:29:112882)
	at P.B (file:///usr/lib/code/out/vs/workbench/api/node/extensionHostProcess.js:27:2373)
	at P.fire (file:///usr/lib/code/out/vs/workbench/api/node/extensionHostProcess.js:27:2591)
	at lo.fire (file:///usr/lib/code/out/vs/workbench/api/node/extensionHostProcess.js:29:9458)
	at ed.value (file:///usr/lib/code/out/vs/workbench/api/node/extensionHostProcess.js:225:3917)
	at P.B (file:///usr/lib/code/out/vs/workbench/api/node/extensionHostProcess.js:27:2373)
	at P.fire (file:///usr/lib/code/out/vs/workbench/api/node/extensionHostProcess.js:27:2591)
	at lo.fire (file:///usr/lib/code/out/vs/workbench/api/node/extensionHostProcess.js:29:9458)
	at MessagePortMain.<anonymous> (file:///usr/lib/code/out/vs/workbench/api/node/extensionHostProcess.js:225:2209)
	at MessagePortMain.emit (node:events:524:28)
	at MessagePortMain._internalPort.emit (node:electron/js2c/utility_init:2:2949)
2025-05-25 17:35:50.912 [error] Language client is not ready yet: Error: Language client is not ready yet
	at LanguageClient.sendRequest (/home/ris3/.vscode-oss/extensions/rust-lang.rust-0.7.8-universal/node_modules/vscode-languageclient/lib/client.js:1789:19)
	at /home/ris3/.vscode-oss/extensions/rust-lang.rust-0.7.8-universal/out/src/providers/signatureHelpProvider.js:35:16
	at new Promise (<anonymous>)
	at SignatureHelpProvider.provideHover (/home/ris3/.vscode-oss/extensions/rust-lang.rust-0.7.8-universal/out/src/providers/signatureHelpProvider.js:34:16)
	at SignatureHelpProvider.provideSignatureHelp (/home/ris3/.vscode-oss/extensions/rust-lang.rust-0.7.8-universal/out/src/providers/signatureHelpProvider.js:15:25)
	at p4.provideSignatureHelp (file:///usr/lib/code/out/vs/workbench/api/node/extensionHostProcess.js:145:147895)
	at file:///usr/lib/code/out/vs/workbench/api/node/extensionHostProcess.js:145:166383
	at Zt.s (file:///usr/lib/code/out/vs/workbench/api/node/extensionHostProcess.js:145:155541)
	at Zt.$provideSignatureHelp (file:///usr/lib/code/out/vs/workbench/api/node/extensionHostProcess.js:145:166371)
	at f5.S (file:///usr/lib/code/out/vs/workbench/api/node/extensionHostProcess.js:29:116111)
	at f5.Q (file:///usr/lib/code/out/vs/workbench/api/node/extensionHostProcess.js:29:115891)
	at f5.M (file:///usr/lib/code/out/vs/workbench/api/node/extensionHostProcess.js:29:114942)
	at f5.L (file:///usr/lib/code/out/vs/workbench/api/node/extensionHostProcess.js:29:114085)
	at ed.value (file:///usr/lib/code/out/vs/workbench/api/node/extensionHostProcess.js:29:112882)
	at P.B (file:///usr/lib/code/out/vs/workbench/api/node/extensionHostProcess.js:27:2373)
	at P.fire (file:///usr/lib/code/out/vs/workbench/api/node/extensionHostProcess.js:27:2591)
	at lo.fire (file:///usr/lib/code/out/vs/workbench/api/node/extensionHostProcess.js:29:9458)
	at ed.value (file:///usr/lib/code/out/vs/workbench/api/node/extensionHostProcess.js:225:3917)
	at P.B (file:///usr/lib/code/out/vs/workbench/api/node/extensionHostProcess.js:27:2373)
	at P.fire (file:///usr/lib/code/out/vs/workbench/api/node/extensionHostProcess.js:27:2591)
	at lo.fire (file:///usr/lib/code/out/vs/workbench/api/node/extensionHostProcess.js:29:9458)
	at MessagePortMain.<anonymous> (file:///usr/lib/code/out/vs/workbench/api/node/extensionHostProcess.js:225:2209)
	at MessagePortMain.emit (node:events:524:28)
	at MessagePortMain._internalPort.emit (node:electron/js2c/utility_init:2:2949)
2025-05-25 18:02:31.973 [error] Language client is not ready yet: Error: Language client is not ready yet
	at LanguageClient.sendRequest (/home/ris3/.vscode-oss/extensions/rust-lang.rust-0.7.8-universal/node_modules/vscode-languageclient/lib/client.js:1789:19)
	at /home/ris3/.vscode-oss/extensions/rust-lang.rust-0.7.8-universal/out/src/providers/signatureHelpProvider.js:35:16
	at new Promise (<anonymous>)
	at SignatureHelpProvider.provideHover (/home/ris3/.vscode-oss/extensions/rust-lang.rust-0.7.8-universal/out/src/providers/signatureHelpProvider.js:34:16)
	at SignatureHelpProvider.provideSignatureHelp (/home/ris3/.vscode-oss/extensions/rust-lang.rust-0.7.8-universal/out/src/providers/signatureHelpProvider.js:15:25)
	at p4.provideSignatureHelp (file:///usr/lib/code/out/vs/workbench/api/node/extensionHostProcess.js:145:147895)
	at file:///usr/lib/code/out/vs/workbench/api/node/extensionHostProcess.js:145:166383
	at Zt.s (file:///usr/lib/code/out/vs/workbench/api/node/extensionHostProcess.js:145:155541)
	at Zt.$provideSignatureHelp (file:///usr/lib/code/out/vs/workbench/api/node/extensionHostProcess.js:145:166371)
	at f5.S (file:///usr/lib/code/out/vs/workbench/api/node/extensionHostProcess.js:29:116111)
	at f5.Q (file:///usr/lib/code/out/vs/workbench/api/node/extensionHostProcess.js:29:115891)
	at f5.M (file:///usr/lib/code/out/vs/workbench/api/node/extensionHostProcess.js:29:114942)
	at f5.L (file:///usr/lib/code/out/vs/workbench/api/node/extensionHostProcess.js:29:114085)
	at ed.value (file:///usr/lib/code/out/vs/workbench/api/node/extensionHostProcess.js:29:112882)
	at P.B (file:///usr/lib/code/out/vs/workbench/api/node/extensionHostProcess.js:27:2373)
	at P.fire (file:///usr/lib/code/out/vs/workbench/api/node/extensionHostProcess.js:27:2591)
	at lo.fire (file:///usr/lib/code/out/vs/workbench/api/node/extensionHostProcess.js:29:9458)
	at ed.value (file:///usr/lib/code/out/vs/workbench/api/node/extensionHostProcess.js:225:3917)
	at P.B (file:///usr/lib/code/out/vs/workbench/api/node/extensionHostProcess.js:27:2373)
	at P.fire (file:///usr/lib/code/out/vs/workbench/api/node/extensionHostProcess.js:27:2591)
	at lo.fire (file:///usr/lib/code/out/vs/workbench/api/node/extensionHostProcess.js:29:9458)
	at MessagePortMain.<anonymous> (file:///usr/lib/code/out/vs/workbench/api/node/extensionHostProcess.js:225:2209)
	at MessagePortMain.emit (node:events:524:28)
	at MessagePortMain._internalPort.emit (node:electron/js2c/utility_init:2:2949)
2025-05-25 18:22:00.682 [error] Language client is not ready yet: Error: Language client is not ready yet
	at LanguageClient.sendRequest (/home/ris3/.vscode-oss/extensions/rust-lang.rust-0.7.8-universal/node_modules/vscode-languageclient/lib/client.js:1789:19)
	at /home/ris3/.vscode-oss/extensions/rust-lang.rust-0.7.8-universal/out/src/providers/signatureHelpProvider.js:35:16
	at new Promise (<anonymous>)
	at SignatureHelpProvider.provideHover (/home/ris3/.vscode-oss/extensions/rust-lang.rust-0.7.8-universal/out/src/providers/signatureHelpProvider.js:34:16)
	at SignatureHelpProvider.provideSignatureHelp (/home/ris3/.vscode-oss/extensions/rust-lang.rust-0.7.8-universal/out/src/providers/signatureHelpProvider.js:15:25)
	at p4.provideSignatureHelp (file:///usr/lib/code/out/vs/workbench/api/node/extensionHostProcess.js:145:147895)
	at file:///usr/lib/code/out/vs/workbench/api/node/extensionHostProcess.js:145:166383
	at Zt.s (file:///usr/lib/code/out/vs/workbench/api/node/extensionHostProcess.js:145:155541)
	at Zt.$provideSignatureHelp (file:///usr/lib/code/out/vs/workbench/api/node/extensionHostProcess.js:145:166371)
	at f5.S (file:///usr/lib/code/out/vs/workbench/api/node/extensionHostProcess.js:29:116111)
	at f5.Q (file:///usr/lib/code/out/vs/workbench/api/node/extensionHostProcess.js:29:115891)
	at f5.M (file:///usr/lib/code/out/vs/workbench/api/node/extensionHostProcess.js:29:114942)
	at f5.L (file:///usr/lib/code/out/vs/workbench/api/node/extensionHostProcess.js:29:114085)
	at ed.value (file:///usr/lib/code/out/vs/workbench/api/node/extensionHostProcess.js:29:112882)
	at P.B (file:///usr/lib/code/out/vs/workbench/api/node/extensionHostProcess.js:27:2373)
	at P.fire (file:///usr/lib/code/out/vs/workbench/api/node/extensionHostProcess.js:27:2591)
	at lo.fire (file:///usr/lib/code/out/vs/workbench/api/node/extensionHostProcess.js:29:9458)
	at ed.value (file:///usr/lib/code/out/vs/workbench/api/node/extensionHostProcess.js:225:3917)
	at P.B (file:///usr/lib/code/out/vs/workbench/api/node/extensionHostProcess.js:27:2373)
	at P.fire (file:///usr/lib/code/out/vs/workbench/api/node/extensionHostProcess.js:27:2591)
	at lo.fire (file:///usr/lib/code/out/vs/workbench/api/node/extensionHostProcess.js:29:9458)
	at MessagePortMain.<anonymous> (file:///usr/lib/code/out/vs/workbench/api/node/extensionHostProcess.js:225:2209)
	at MessagePortMain.emit (node:events:524:28)
	at MessagePortMain._internalPort.emit (node:electron/js2c/utility_init:2:2949)
2025-05-25 18:22:06.929 [error] Language client is not ready yet: Error: Language client is not ready yet
	at LanguageClient.sendRequest (/home/ris3/.vscode-oss/extensions/rust-lang.rust-0.7.8-universal/node_modules/vscode-languageclient/lib/client.js:1789:19)
	at /home/ris3/.vscode-oss/extensions/rust-lang.rust-0.7.8-universal/out/src/providers/signatureHelpProvider.js:35:16
	at new Promise (<anonymous>)
	at SignatureHelpProvider.provideHover (/home/ris3/.vscode-oss/extensions/rust-lang.rust-0.7.8-universal/out/src/providers/signatureHelpProvider.js:34:16)
	at SignatureHelpProvider.provideSignatureHelp (/home/ris3/.vscode-oss/extensions/rust-lang.rust-0.7.8-universal/out/src/providers/signatureHelpProvider.js:15:25)
	at p4.provideSignatureHelp (file:///usr/lib/code/out/vs/workbench/api/node/extensionHostProcess.js:145:147895)
	at file:///usr/lib/code/out/vs/workbench/api/node/extensionHostProcess.js:145:166383
	at Zt.s (file:///usr/lib/code/out/vs/workbench/api/node/extensionHostProcess.js:145:155541)
	at Zt.$provideSignatureHelp (file:///usr/lib/code/out/vs/workbench/api/node/extensionHostProcess.js:145:166371)
	at f5.S (file:///usr/lib/code/out/vs/workbench/api/node/extensionHostProcess.js:29:116111)
	at f5.Q (file:///usr/lib/code/out/vs/workbench/api/node/extensionHostProcess.js:29:115891)
	at f5.M (file:///usr/lib/code/out/vs/workbench/api/node/extensionHostProcess.js:29:114942)
	at f5.L (file:///usr/lib/code/out/vs/workbench/api/node/extensionHostProcess.js:29:114085)
	at ed.value (file:///usr/lib/code/out/vs/workbench/api/node/extensionHostProcess.js:29:112882)
	at P.B (file:///usr/lib/code/out/vs/workbench/api/node/extensionHostProcess.js:27:2373)
	at P.fire (file:///usr/lib/code/out/vs/workbench/api/node/extensionHostProcess.js:27:2591)
	at lo.fire (file:///usr/lib/code/out/vs/workbench/api/node/extensionHostProcess.js:29:9458)
	at ed.value (file:///usr/lib/code/out/vs/workbench/api/node/extensionHostProcess.js:225:3917)
	at P.B (file:///usr/lib/code/out/vs/workbench/api/node/extensionHostProcess.js:27:2373)
	at P.fire (file:///usr/lib/code/out/vs/workbench/api/node/extensionHostProcess.js:27:2591)
	at lo.fire (file:///usr/lib/code/out/vs/workbench/api/node/extensionHostProcess.js:29:9458)
	at MessagePortMain.<anonymous> (file:///usr/lib/code/out/vs/workbench/api/node/extensionHostProcess.js:225:2209)
	at MessagePortMain.emit (node:events:524:28)
	at MessagePortMain._internalPort.emit (node:electron/js2c/utility_init:2:2949)
2025-05-25 18:22:24.702 [warning] Semantic token with invalid length detected at lineNumber 5, column 1
2025-05-25 18:22:45.497 [error] Language client is not ready yet: Error: Language client is not ready yet
	at LanguageClient.sendRequest (/home/ris3/.vscode-oss/extensions/rust-lang.rust-0.7.8-universal/node_modules/vscode-languageclient/lib/client.js:1789:19)
	at /home/ris3/.vscode-oss/extensions/rust-lang.rust-0.7.8-universal/out/src/providers/signatureHelpProvider.js:35:16
	at new Promise (<anonymous>)
	at SignatureHelpProvider.provideHover (/home/ris3/.vscode-oss/extensions/rust-lang.rust-0.7.8-universal/out/src/providers/signatureHelpProvider.js:34:16)
	at SignatureHelpProvider.provideSignatureHelp (/home/ris3/.vscode-oss/extensions/rust-lang.rust-0.7.8-universal/out/src/providers/signatureHelpProvider.js:15:25)
	at p4.provideSignatureHelp (file:///usr/lib/code/out/vs/workbench/api/node/extensionHostProcess.js:145:147895)
	at file:///usr/lib/code/out/vs/workbench/api/node/extensionHostProcess.js:145:166383
	at Zt.s (file:///usr/lib/code/out/vs/workbench/api/node/extensionHostProcess.js:145:155541)
	at Zt.$provideSignatureHelp (file:///usr/lib/code/out/vs/workbench/api/node/extensionHostProcess.js:145:166371)
	at f5.S (file:///usr/lib/code/out/vs/workbench/api/node/extensionHostProcess.js:29:116111)
	at f5.Q (file:///usr/lib/code/out/vs/workbench/api/node/extensionHostProcess.js:29:115891)
	at f5.M (file:///usr/lib/code/out/vs/workbench/api/node/extensionHostProcess.js:29:114942)
	at f5.L (file:///usr/lib/code/out/vs/workbench/api/node/extensionHostProcess.js:29:114085)
	at ed.value (file:///usr/lib/code/out/vs/workbench/api/node/extensionHostProcess.js:29:112882)
	at P.B (file:///usr/lib/code/out/vs/workbench/api/node/extensionHostProcess.js:27:2373)
	at P.fire (file:///usr/lib/code/out/vs/workbench/api/node/extensionHostProcess.js:27:2591)
	at lo.fire (file:///usr/lib/code/out/vs/workbench/api/node/extensionHostProcess.js:29:9458)
	at ed.value (file:///usr/lib/code/out/vs/workbench/api/node/extensionHostProcess.js:225:3917)
	at P.B (file:///usr/lib/code/out/vs/workbench/api/node/extensionHostProcess.js:27:2373)
	at P.fire (file:///usr/lib/code/out/vs/workbench/api/node/extensionHostProcess.js:27:2591)
	at lo.fire (file:///usr/lib/code/out/vs/workbench/api/node/extensionHostProcess.js:29:9458)
	at MessagePortMain.<anonymous> (file:///usr/lib/code/out/vs/workbench/api/node/extensionHostProcess.js:225:2209)
	at MessagePortMain.emit (node:events:524:28)
	at MessagePortMain._internalPort.emit (node:electron/js2c/utility_init:2:2949)
2025-05-25 18:23:48.595 [error] Language client is not ready yet: Error: Language client is not ready yet
	at LanguageClient.sendRequest (/home/ris3/.vscode-oss/extensions/rust-lang.rust-0.7.8-universal/node_modules/vscode-languageclient/lib/client.js:1789:19)
	at /home/ris3/.vscode-oss/extensions/rust-lang.rust-0.7.8-universal/out/src/providers/signatureHelpProvider.js:35:16
	at new Promise (<anonymous>)
	at SignatureHelpProvider.provideHover (/home/ris3/.vscode-oss/extensions/rust-lang.rust-0.7.8-universal/out/src/providers/signatureHelpProvider.js:34:16)
	at SignatureHelpProvider.provideSignatureHelp (/home/ris3/.vscode-oss/extensions/rust-lang.rust-0.7.8-universal/out/src/providers/signatureHelpProvider.js:15:25)
	at p4.provideSignatureHelp (file:///usr/lib/code/out/vs/workbench/api/node/extensionHostProcess.js:145:147895)
	at file:///usr/lib/code/out/vs/workbench/api/node/extensionHostProcess.js:145:166383
	at Zt.s (file:///usr/lib/code/out/vs/workbench/api/node/extensionHostProcess.js:145:155541)
	at Zt.$provideSignatureHelp (file:///usr/lib/code/out/vs/workbench/api/node/extensionHostProcess.js:145:166371)
	at f5.S (file:///usr/lib/code/out/vs/workbench/api/node/extensionHostProcess.js:29:116111)
	at f5.Q (file:///usr/lib/code/out/vs/workbench/api/node/extensionHostProcess.js:29:115891)
	at f5.M (file:///usr/lib/code/out/vs/workbench/api/node/extensionHostProcess.js:29:114942)
	at f5.L (file:///usr/lib/code/out/vs/workbench/api/node/extensionHostProcess.js:29:114085)
	at ed.value (file:///usr/lib/code/out/vs/workbench/api/node/extensionHostProcess.js:29:112882)
	at P.B (file:///usr/lib/code/out/vs/workbench/api/node/extensionHostProcess.js:27:2373)
	at P.fire (file:///usr/lib/code/out/vs/workbench/api/node/extensionHostProcess.js:27:2591)
	at lo.fire (file:///usr/lib/code/out/vs/workbench/api/node/extensionHostProcess.js:29:9458)
	at ed.value (file:///usr/lib/code/out/vs/workbench/api/node/extensionHostProcess.js:225:3917)
	at P.B (file:///usr/lib/code/out/vs/workbench/api/node/extensionHostProcess.js:27:2373)
	at P.fire (file:///usr/lib/code/out/vs/workbench/api/node/extensionHostProcess.js:27:2591)
	at lo.fire (file:///usr/lib/code/out/vs/workbench/api/node/extensionHostProcess.js:29:9458)
	at MessagePortMain.<anonymous> (file:///usr/lib/code/out/vs/workbench/api/node/extensionHostProcess.js:225:2209)
	at MessagePortMain.emit (node:events:524:28)
	at MessagePortMain._internalPort.emit (node:electron/js2c/utility_init:2:2949)
2025-05-25 18:24:57.535 [error] Language client is not ready yet: Error: Language client is not ready yet
	at LanguageClient.sendRequest (/home/ris3/.vscode-oss/extensions/rust-lang.rust-0.7.8-universal/node_modules/vscode-languageclient/lib/client.js:1789:19)
	at /home/ris3/.vscode-oss/extensions/rust-lang.rust-0.7.8-universal/out/src/providers/signatureHelpProvider.js:35:16
	at new Promise (<anonymous>)
	at SignatureHelpProvider.provideHover (/home/ris3/.vscode-oss/extensions/rust-lang.rust-0.7.8-universal/out/src/providers/signatureHelpProvider.js:34:16)
	at SignatureHelpProvider.provideSignatureHelp (/home/ris3/.vscode-oss/extensions/rust-lang.rust-0.7.8-universal/out/src/providers/signatureHelpProvider.js:15:25)
	at p4.provideSignatureHelp (file:///usr/lib/code/out/vs/workbench/api/node/extensionHostProcess.js:145:147895)
	at file:///usr/lib/code/out/vs/workbench/api/node/extensionHostProcess.js:145:166383
	at Zt.s (file:///usr/lib/code/out/vs/workbench/api/node/extensionHostProcess.js:145:155541)
	at Zt.$provideSignatureHelp (file:///usr/lib/code/out/vs/workbench/api/node/extensionHostProcess.js:145:166371)
	at f5.S (file:///usr/lib/code/out/vs/workbench/api/node/extensionHostProcess.js:29:116111)
	at f5.Q (file:///usr/lib/code/out/vs/workbench/api/node/extensionHostProcess.js:29:115891)
	at f5.M (file:///usr/lib/code/out/vs/workbench/api/node/extensionHostProcess.js:29:114942)
	at f5.L (file:///usr/lib/code/out/vs/workbench/api/node/extensionHostProcess.js:29:114085)
	at ed.value (file:///usr/lib/code/out/vs/workbench/api/node/extensionHostProcess.js:29:112882)
	at P.B (file:///usr/lib/code/out/vs/workbench/api/node/extensionHostProcess.js:27:2373)
	at P.fire (file:///usr/lib/code/out/vs/workbench/api/node/extensionHostProcess.js:27:2591)
	at lo.fire (file:///usr/lib/code/out/vs/workbench/api/node/extensionHostProcess.js:29:9458)
	at ed.value (file:///usr/lib/code/out/vs/workbench/api/node/extensionHostProcess.js:225:3917)
	at P.B (file:///usr/lib/code/out/vs/workbench/api/node/extensionHostProcess.js:27:2373)
	at P.fire (file:///usr/lib/code/out/vs/workbench/api/node/extensionHostProcess.js:27:2591)
	at lo.fire (file:///usr/lib/code/out/vs/workbench/api/node/extensionHostProcess.js:29:9458)
	at MessagePortMain.<anonymous> (file:///usr/lib/code/out/vs/workbench/api/node/extensionHostProcess.js:225:2209)
	at MessagePortMain.emit (node:events:524:28)
	at MessagePortMain._internalPort.emit (node:electron/js2c/utility_init:2:2949)
2025-05-25 18:27:35.257 [error] Language client is not ready yet: Error: Language client is not ready yet
	at LanguageClient.sendRequest (/home/ris3/.vscode-oss/extensions/rust-lang.rust-0.7.8-universal/node_modules/vscode-languageclient/lib/client.js:1789:19)
	at /home/ris3/.vscode-oss/extensions/rust-lang.rust-0.7.8-universal/out/src/providers/signatureHelpProvider.js:35:16
	at new Promise (<anonymous>)
	at SignatureHelpProvider.provideHover (/home/ris3/.vscode-oss/extensions/rust-lang.rust-0.7.8-universal/out/src/providers/signatureHelpProvider.js:34:16)
	at SignatureHelpProvider.provideSignatureHelp (/home/ris3/.vscode-oss/extensions/rust-lang.rust-0.7.8-universal/out/src/providers/signatureHelpProvider.js:15:25)
	at p4.provideSignatureHelp (file:///usr/lib/code/out/vs/workbench/api/node/extensionHostProcess.js:145:147895)
	at file:///usr/lib/code/out/vs/workbench/api/node/extensionHostProcess.js:145:166383
	at Zt.s (file:///usr/lib/code/out/vs/workbench/api/node/extensionHostProcess.js:145:155541)
	at Zt.$provideSignatureHelp (file:///usr/lib/code/out/vs/workbench/api/node/extensionHostProcess.js:145:166371)
	at f5.S (file:///usr/lib/code/out/vs/workbench/api/node/extensionHostProcess.js:29:116111)
	at f5.Q (file:///usr/lib/code/out/vs/workbench/api/node/extensionHostProcess.js:29:115891)
	at f5.M (file:///usr/lib/code/out/vs/workbench/api/node/extensionHostProcess.js:29:114942)
	at f5.L (file:///usr/lib/code/out/vs/workbench/api/node/extensionHostProcess.js:29:114085)
	at ed.value (file:///usr/lib/code/out/vs/workbench/api/node/extensionHostProcess.js:29:112882)
	at P.B (file:///usr/lib/code/out/vs/workbench/api/node/extensionHostProcess.js:27:2373)
	at P.fire (file:///usr/lib/code/out/vs/workbench/api/node/extensionHostProcess.js:27:2591)
	at lo.fire (file:///usr/lib/code/out/vs/workbench/api/node/extensionHostProcess.js:29:9458)
	at ed.value (file:///usr/lib/code/out/vs/workbench/api/node/extensionHostProcess.js:225:3917)
	at P.B (file:///usr/lib/code/out/vs/workbench/api/node/extensionHostProcess.js:27:2373)
	at P.fire (file:///usr/lib/code/out/vs/workbench/api/node/extensionHostProcess.js:27:2591)
	at lo.fire (file:///usr/lib/code/out/vs/workbench/api/node/extensionHostProcess.js:29:9458)
	at MessagePortMain.<anonymous> (file:///usr/lib/code/out/vs/workbench/api/node/extensionHostProcess.js:225:2209)
	at MessagePortMain.emit (node:events:524:28)
	at MessagePortMain._internalPort.emit (node:electron/js2c/utility_init:2:2949)
2025-05-25 18:44:15.729 [error] Language client is not ready yet: Error: Language client is not ready yet
	at LanguageClient.sendRequest (/home/ris3/.vscode-oss/extensions/rust-lang.rust-0.7.8-universal/node_modules/vscode-languageclient/lib/client.js:1789:19)
	at /home/ris3/.vscode-oss/extensions/rust-lang.rust-0.7.8-universal/out/src/providers/signatureHelpProvider.js:35:16
	at new Promise (<anonymous>)
	at SignatureHelpProvider.provideHover (/home/ris3/.vscode-oss/extensions/rust-lang.rust-0.7.8-universal/out/src/providers/signatureHelpProvider.js:34:16)
	at SignatureHelpProvider.provideSignatureHelp (/home/ris3/.vscode-oss/extensions/rust-lang.rust-0.7.8-universal/out/src/providers/signatureHelpProvider.js:15:25)
	at p4.provideSignatureHelp (file:///usr/lib/code/out/vs/workbench/api/node/extensionHostProcess.js:145:147895)
	at file:///usr/lib/code/out/vs/workbench/api/node/extensionHostProcess.js:145:166383
	at Zt.s (file:///usr/lib/code/out/vs/workbench/api/node/extensionHostProcess.js:145:155541)
	at Zt.$provideSignatureHelp (file:///usr/lib/code/out/vs/workbench/api/node/extensionHostProcess.js:145:166371)
	at f5.S (file:///usr/lib/code/out/vs/workbench/api/node/extensionHostProcess.js:29:116111)
	at f5.Q (file:///usr/lib/code/out/vs/workbench/api/node/extensionHostProcess.js:29:115891)
	at f5.M (file:///usr/lib/code/out/vs/workbench/api/node/extensionHostProcess.js:29:114942)
	at f5.L (file:///usr/lib/code/out/vs/workbench/api/node/extensionHostProcess.js:29:114085)
	at ed.value (file:///usr/lib/code/out/vs/workbench/api/node/extensionHostProcess.js:29:112882)
	at P.B (file:///usr/lib/code/out/vs/workbench/api/node/extensionHostProcess.js:27:2373)
	at P.fire (file:///usr/lib/code/out/vs/workbench/api/node/extensionHostProcess.js:27:2591)
	at lo.fire (file:///usr/lib/code/out/vs/workbench/api/node/extensionHostProcess.js:29:9458)
	at ed.value (file:///usr/lib/code/out/vs/workbench/api/node/extensionHostProcess.js:225:3917)
	at P.B (file:///usr/lib/code/out/vs/workbench/api/node/extensionHostProcess.js:27:2373)
	at P.fire (file:///usr/lib/code/out/vs/workbench/api/node/extensionHostProcess.js:27:2591)
	at lo.fire (file:///usr/lib/code/out/vs/workbench/api/node/extensionHostProcess.js:29:9458)
	at MessagePortMain.<anonymous> (file:///usr/lib/code/out/vs/workbench/api/node/extensionHostProcess.js:225:2209)
	at MessagePortMain.emit (node:events:524:28)
	at MessagePortMain._internalPort.emit (node:electron/js2c/utility_init:2:2949)
2025-05-25 18:44:19.133 [error] Language client is not ready yet: Error: Language client is not ready yet
	at LanguageClient.sendRequest (/home/ris3/.vscode-oss/extensions/rust-lang.rust-0.7.8-universal/node_modules/vscode-languageclient/lib/client.js:1789:19)
	at /home/ris3/.vscode-oss/extensions/rust-lang.rust-0.7.8-universal/out/src/providers/signatureHelpProvider.js:35:16
	at new Promise (<anonymous>)
	at SignatureHelpProvider.provideHover (/home/ris3/.vscode-oss/extensions/rust-lang.rust-0.7.8-universal/out/src/providers/signatureHelpProvider.js:34:16)
	at SignatureHelpProvider.provideSignatureHelp (/home/ris3/.vscode-oss/extensions/rust-lang.rust-0.7.8-universal/out/src/providers/signatureHelpProvider.js:20:29)
	at p4.provideSignatureHelp (file:///usr/lib/code/out/vs/workbench/api/node/extensionHostProcess.js:145:147895)
	at file:///usr/lib/code/out/vs/workbench/api/node/extensionHostProcess.js:145:166383
	at Zt.s (file:///usr/lib/code/out/vs/workbench/api/node/extensionHostProcess.js:145:155541)
	at Zt.$provideSignatureHelp (file:///usr/lib/code/out/vs/workbench/api/node/extensionHostProcess.js:145:166371)
	at f5.S (file:///usr/lib/code/out/vs/workbench/api/node/extensionHostProcess.js:29:116111)
	at f5.Q (file:///usr/lib/code/out/vs/workbench/api/node/extensionHostProcess.js:29:115891)
	at f5.M (file:///usr/lib/code/out/vs/workbench/api/node/extensionHostProcess.js:29:114942)
	at f5.L (file:///usr/lib/code/out/vs/workbench/api/node/extensionHostProcess.js:29:114085)
	at ed.value (file:///usr/lib/code/out/vs/workbench/api/node/extensionHostProcess.js:29:112882)
	at P.B (file:///usr/lib/code/out/vs/workbench/api/node/extensionHostProcess.js:27:2373)
	at P.fire (file:///usr/lib/code/out/vs/workbench/api/node/extensionHostProcess.js:27:2591)
	at lo.fire (file:///usr/lib/code/out/vs/workbench/api/node/extensionHostProcess.js:29:9458)
	at ed.value (file:///usr/lib/code/out/vs/workbench/api/node/extensionHostProcess.js:225:3917)
	at P.B (file:///usr/lib/code/out/vs/workbench/api/node/extensionHostProcess.js:27:2373)
	at P.fire (file:///usr/lib/code/out/vs/workbench/api/node/extensionHostProcess.js:27:2591)
	at lo.fire (file:///usr/lib/code/out/vs/workbench/api/node/extensionHostProcess.js:29:9458)
	at MessagePortMain.<anonymous> (file:///usr/lib/code/out/vs/workbench/api/node/extensionHostProcess.js:225:2209)
	at MessagePortMain.emit (node:events:524:28)
	at MessagePortMain._internalPort.emit (node:electron/js2c/utility_init:2:2949)
2025-05-25 19:10:08.821 [info] Auto updating outdated extensions. rust-lang.rust-analyzer
2025-05-25 19:10:09.182 [info] Auto updating outdated extensions. rust-lang.rust-analyzer
2025-05-25 19:10:15.032 [error] Signature verification was not executed.: SignatureVerificationInternal: Signature verification was not executed.
    at yh.xb (file:///usr/lib/code/out/vs/code/electron-utility/sharedProcess/sharedProcessMain.js:74:63971)
    at async yh.wb (file:///usr/lib/code/out/vs/code/electron-utility/sharedProcess/sharedProcessMain.js:74:62886)
2025-05-25 19:10:19.846 [error] SignatureVerificationInternal: Signature verification was not executed.
    at yh.xb (file:///usr/lib/code/out/vs/code/electron-utility/sharedProcess/sharedProcessMain.js:74:63971)
    at async yh.wb (file:///usr/lib/code/out/vs/code/electron-utility/sharedProcess/sharedProcessMain.js:74:62886)
2025-05-25 19:10:19.869 [error] Signature verification was not executed.: SignatureVerificationInternal: Signature verification was not executed.
    at yh.xb (file:///usr/lib/code/out/vs/code/electron-utility/sharedProcess/sharedProcessMain.js:74:63971)
    at async yh.wb (file:///usr/lib/code/out/vs/code/electron-utility/sharedProcess/sharedProcessMain.js:74:62886)
2025-05-25 19:10:39.287 [error] SignatureVerificationInternal: Signature verification was not executed.
    at yh.xb (file:///usr/lib/code/out/vs/code/electron-utility/sharedProcess/sharedProcessMain.js:74:63971)
    at async yh.wb (file:///usr/lib/code/out/vs/code/electron-utility/sharedProcess/sharedProcessMain.js:74:62886)
2025-05-25 19:10:39.297 [error] Signature verification was not executed.: SignatureVerificationInternal: Signature verification was not executed.
    at yh.xb (file:///usr/lib/code/out/vs/code/electron-utility/sharedProcess/sharedProcessMain.js:74:63971)
    at async yh.wb (file:///usr/lib/code/out/vs/code/electron-utility/sharedProcess/sharedProcessMain.js:74:62886)
2025-05-25 19:11:38.149 [error] SignatureVerificationInternal: Signature verification was not executed.
    at yh.xb (file:///usr/lib/code/out/vs/code/electron-utility/sharedProcess/sharedProcessMain.js:74:63971)
    at async yh.wb (file:///usr/lib/code/out/vs/code/electron-utility/sharedProcess/sharedProcessMain.js:74:62886)
2025-05-25 19:11:38.159 [error] Signature verification was not executed.: SignatureVerificationInternal: Signature verification was not executed.
    at yh.xb (file:///usr/lib/code/out/vs/code/electron-utility/sharedProcess/sharedProcessMain.js:74:63971)
    at async yh.wb (file:///usr/lib/code/out/vs/code/electron-utility/sharedProcess/sharedProcessMain.js:74:62886)
2025-05-25 19:14:20.287 [error] Language client is not ready yet: Error: Language client is not ready yet
	at LanguageClient.sendRequest (/home/ris3/.vscode-oss/extensions/rust-lang.rust-0.7.8-universal/node_modules/vscode-languageclient/lib/client.js:1789:19)
	at /home/ris3/.vscode-oss/extensions/rust-lang.rust-0.7.8-universal/out/src/providers/signatureHelpProvider.js:35:16
	at new Promise (<anonymous>)
	at SignatureHelpProvider.provideHover (/home/ris3/.vscode-oss/extensions/rust-lang.rust-0.7.8-universal/out/src/providers/signatureHelpProvider.js:34:16)
	at SignatureHelpProvider.provideSignatureHelp (/home/ris3/.vscode-oss/extensions/rust-lang.rust-0.7.8-universal/out/src/providers/signatureHelpProvider.js:15:25)
	at p4.provideSignatureHelp (file:///usr/lib/code/out/vs/workbench/api/node/extensionHostProcess.js:145:147895)
	at file:///usr/lib/code/out/vs/workbench/api/node/extensionHostProcess.js:145:166383
	at Zt.s (file:///usr/lib/code/out/vs/workbench/api/node/extensionHostProcess.js:145:155541)
	at Zt.$provideSignatureHelp (file:///usr/lib/code/out/vs/workbench/api/node/extensionHostProcess.js:145:166371)
	at f5.S (file:///usr/lib/code/out/vs/workbench/api/node/extensionHostProcess.js:29:116111)
	at f5.Q (file:///usr/lib/code/out/vs/workbench/api/node/extensionHostProcess.js:29:115891)
	at f5.M (file:///usr/lib/code/out/vs/workbench/api/node/extensionHostProcess.js:29:114942)
	at f5.L (file:///usr/lib/code/out/vs/workbench/api/node/extensionHostProcess.js:29:114085)
	at ed.value (file:///usr/lib/code/out/vs/workbench/api/node/extensionHostProcess.js:29:112882)
	at P.B (file:///usr/lib/code/out/vs/workbench/api/node/extensionHostProcess.js:27:2373)
	at P.fire (file:///usr/lib/code/out/vs/workbench/api/node/extensionHostProcess.js:27:2591)
	at lo.fire (file:///usr/lib/code/out/vs/workbench/api/node/extensionHostProcess.js:29:9458)
	at ed.value (file:///usr/lib/code/out/vs/workbench/api/node/extensionHostProcess.js:225:3917)
	at P.B (file:///usr/lib/code/out/vs/workbench/api/node/extensionHostProcess.js:27:2373)
	at P.fire (file:///usr/lib/code/out/vs/workbench/api/node/extensionHostProcess.js:27:2591)
	at lo.fire (file:///usr/lib/code/out/vs/workbench/api/node/extensionHostProcess.js:29:9458)
	at MessagePortMain.<anonymous> (file:///usr/lib/code/out/vs/workbench/api/node/extensionHostProcess.js:225:2209)
	at MessagePortMain.emit (node:events:524:28)
	at MessagePortMain._internalPort.emit (node:electron/js2c/utility_init:2:2949)
2025-05-25 19:33:21.541 [info] Auto updating outdated extensions. rust-lang.rust-analyzer
2025-05-25 19:33:27.435 [error] Signature verification was not executed.: SignatureVerificationInternal: Signature verification was not executed.
    at yh.xb (file:///usr/lib/code/out/vs/code/electron-utility/sharedProcess/sharedProcessMain.js:74:63971)
    at async yh.wb (file:///usr/lib/code/out/vs/code/electron-utility/sharedProcess/sharedProcessMain.js:74:62886)
2025-05-25 19:34:31.890 [error] SignatureVerificationInternal: Signature verification was not executed.
    at yh.xb (file:///usr/lib/code/out/vs/code/electron-utility/sharedProcess/sharedProcessMain.js:74:63971)
    at async yh.wb (file:///usr/lib/code/out/vs/code/electron-utility/sharedProcess/sharedProcessMain.js:74:62886)
2025-05-25 19:34:31.899 [error] Signature verification was not executed.: SignatureVerificationInternal: Signature verification was not executed.
    at yh.xb (file:///usr/lib/code/out/vs/code/electron-utility/sharedProcess/sharedProcessMain.js:74:63971)
    at async yh.wb (file:///usr/lib/code/out/vs/code/electron-utility/sharedProcess/sharedProcessMain.js:74:62886)
2025-05-25 20:06:05.387 [warning] Semantic token with invalid length detected at lineNumber 64, column 1
2025-05-25 20:06:59.432 [error] Language client is not ready yet: Error: Language client is not ready yet
	at LanguageClient.sendRequest (/home/ris3/.vscode-oss/extensions/rust-lang.rust-0.7.8-universal/node_modules/vscode-languageclient/lib/client.js:1789:19)
	at /home/ris3/.vscode-oss/extensions/rust-lang.rust-0.7.8-universal/out/src/providers/signatureHelpProvider.js:35:16
	at new Promise (<anonymous>)
	at SignatureHelpProvider.provideHover (/home/ris3/.vscode-oss/extensions/rust-lang.rust-0.7.8-universal/out/src/providers/signatureHelpProvider.js:34:16)
	at SignatureHelpProvider.provideSignatureHelp (/home/ris3/.vscode-oss/extensions/rust-lang.rust-0.7.8-universal/out/src/providers/signatureHelpProvider.js:15:25)
	at p4.provideSignatureHelp (file:///usr/lib/code/out/vs/workbench/api/node/extensionHostProcess.js:145:147895)
	at file:///usr/lib/code/out/vs/workbench/api/node/extensionHostProcess.js:145:166383
	at Zt.s (file:///usr/lib/code/out/vs/workbench/api/node/extensionHostProcess.js:145:155541)
	at Zt.$provideSignatureHelp (file:///usr/lib/code/out/vs/workbench/api/node/extensionHostProcess.js:145:166371)
	at f5.S (file:///usr/lib/code/out/vs/workbench/api/node/extensionHostProcess.js:29:116111)
	at f5.Q (file:///usr/lib/code/out/vs/workbench/api/node/extensionHostProcess.js:29:115891)
	at f5.M (file:///usr/lib/code/out/vs/workbench/api/node/extensionHostProcess.js:29:114942)
	at f5.L (file:///usr/lib/code/out/vs/workbench/api/node/extensionHostProcess.js:29:114085)
	at ed.value (file:///usr/lib/code/out/vs/workbench/api/node/extensionHostProcess.js:29:112882)
	at P.B (file:///usr/lib/code/out/vs/workbench/api/node/extensionHostProcess.js:27:2373)
	at P.fire (file:///usr/lib/code/out/vs/workbench/api/node/extensionHostProcess.js:27:2591)
	at lo.fire (file:///usr/lib/code/out/vs/workbench/api/node/extensionHostProcess.js:29:9458)
	at ed.value (file:///usr/lib/code/out/vs/workbench/api/node/extensionHostProcess.js:225:3917)
	at P.B (file:///usr/lib/code/out/vs/workbench/api/node/extensionHostProcess.js:27:2373)
	at P.fire (file:///usr/lib/code/out/vs/workbench/api/node/extensionHostProcess.js:27:2591)
	at lo.fire (file:///usr/lib/code/out/vs/workbench/api/node/extensionHostProcess.js:29:9458)
	at MessagePortMain.<anonymous> (file:///usr/lib/code/out/vs/workbench/api/node/extensionHostProcess.js:225:2209)
	at MessagePortMain.emit (node:events:524:28)
	at MessagePortMain._internalPort.emit (node:electron/js2c/utility_init:2:2949)
2025-05-25 20:12:45.086 [error] Language client is not ready yet: Error: Language client is not ready yet
	at LanguageClient.sendRequest (/home/ris3/.vscode-oss/extensions/rust-lang.rust-0.7.8-universal/node_modules/vscode-languageclient/lib/client.js:1789:19)
	at /home/ris3/.vscode-oss/extensions/rust-lang.rust-0.7.8-universal/out/src/providers/signatureHelpProvider.js:35:16
	at new Promise (<anonymous>)
	at SignatureHelpProvider.provideHover (/home/ris3/.vscode-oss/extensions/rust-lang.rust-0.7.8-universal/out/src/providers/signatureHelpProvider.js:34:16)
	at SignatureHelpProvider.provideSignatureHelp (/home/ris3/.vscode-oss/extensions/rust-lang.rust-0.7.8-universal/out/src/providers/signatureHelpProvider.js:15:25)
	at p4.provideSignatureHelp (file:///usr/lib/code/out/vs/workbench/api/node/extensionHostProcess.js:145:147895)
	at file:///usr/lib/code/out/vs/workbench/api/node/extensionHostProcess.js:145:166383
	at Zt.s (file:///usr/lib/code/out/vs/workbench/api/node/extensionHostProcess.js:145:155541)
	at Zt.$provideSignatureHelp (file:///usr/lib/code/out/vs/workbench/api/node/extensionHostProcess.js:145:166371)
	at f5.S (file:///usr/lib/code/out/vs/workbench/api/node/extensionHostProcess.js:29:116111)
	at f5.Q (file:///usr/lib/code/out/vs/workbench/api/node/extensionHostProcess.js:29:115891)
	at f5.M (file:///usr/lib/code/out/vs/workbench/api/node/extensionHostProcess.js:29:114942)
	at f5.L (file:///usr/lib/code/out/vs/workbench/api/node/extensionHostProcess.js:29:114085)
	at ed.value (file:///usr/lib/code/out/vs/workbench/api/node/extensionHostProcess.js:29:112882)
	at P.B (file:///usr/lib/code/out/vs/workbench/api/node/extensionHostProcess.js:27:2373)
	at P.fire (file:///usr/lib/code/out/vs/workbench/api/node/extensionHostProcess.js:27:2591)
	at lo.fire (file:///usr/lib/code/out/vs/workbench/api/node/extensionHostProcess.js:29:9458)
	at ed.value (file:///usr/lib/code/out/vs/workbench/api/node/extensionHostProcess.js:225:3917)
	at P.B (file:///usr/lib/code/out/vs/workbench/api/node/extensionHostProcess.js:27:2373)
	at P.fire (file:///usr/lib/code/out/vs/workbench/api/node/extensionHostProcess.js:27:2591)
	at lo.fire (file:///usr/lib/code/out/vs/workbench/api/node/extensionHostProcess.js:29:9458)
	at MessagePortMain.<anonymous> (file:///usr/lib/code/out/vs/workbench/api/node/extensionHostProcess.js:225:2209)
	at MessagePortMain.emit (node:events:524:28)
	at MessagePortMain._internalPort.emit (node:electron/js2c/utility_init:2:2949)
2025-05-25 20:18:28.547 [error] Language client is not ready yet: Error: Language client is not ready yet
	at LanguageClient.sendRequest (/home/ris3/.vscode-oss/extensions/rust-lang.rust-0.7.8-universal/node_modules/vscode-languageclient/lib/client.js:1789:19)
	at /home/ris3/.vscode-oss/extensions/rust-lang.rust-0.7.8-universal/out/src/providers/signatureHelpProvider.js:35:16
	at new Promise (<anonymous>)
	at SignatureHelpProvider.provideHover (/home/ris3/.vscode-oss/extensions/rust-lang.rust-0.7.8-universal/out/src/providers/signatureHelpProvider.js:34:16)
	at SignatureHelpProvider.provideSignatureHelp (/home/ris3/.vscode-oss/extensions/rust-lang.rust-0.7.8-universal/out/src/providers/signatureHelpProvider.js:15:25)
	at p4.provideSignatureHelp (file:///usr/lib/code/out/vs/workbench/api/node/extensionHostProcess.js:145:147895)
	at file:///usr/lib/code/out/vs/workbench/api/node/extensionHostProcess.js:145:166383
	at Zt.s (file:///usr/lib/code/out/vs/workbench/api/node/extensionHostProcess.js:145:155541)
	at Zt.$provideSignatureHelp (file:///usr/lib/code/out/vs/workbench/api/node/extensionHostProcess.js:145:166371)
	at f5.S (file:///usr/lib/code/out/vs/workbench/api/node/extensionHostProcess.js:29:116111)
	at f5.Q (file:///usr/lib/code/out/vs/workbench/api/node/extensionHostProcess.js:29:115891)
	at f5.M (file:///usr/lib/code/out/vs/workbench/api/node/extensionHostProcess.js:29:114942)
	at f5.L (file:///usr/lib/code/out/vs/workbench/api/node/extensionHostProcess.js:29:114085)
	at ed.value (file:///usr/lib/code/out/vs/workbench/api/node/extensionHostProcess.js:29:112882)
	at P.B (file:///usr/lib/code/out/vs/workbench/api/node/extensionHostProcess.js:27:2373)
	at P.fire (file:///usr/lib/code/out/vs/workbench/api/node/extensionHostProcess.js:27:2591)
	at lo.fire (file:///usr/lib/code/out/vs/workbench/api/node/extensionHostProcess.js:29:9458)
	at ed.value (file:///usr/lib/code/out/vs/workbench/api/node/extensionHostProcess.js:225:3917)
	at P.B (file:///usr/lib/code/out/vs/workbench/api/node/extensionHostProcess.js:27:2373)
	at P.fire (file:///usr/lib/code/out/vs/workbench/api/node/extensionHostProcess.js:27:2591)
	at lo.fire (file:///usr/lib/code/out/vs/workbench/api/node/extensionHostProcess.js:29:9458)
	at MessagePortMain.<anonymous> (file:///usr/lib/code/out/vs/workbench/api/node/extensionHostProcess.js:225:2209)
	at MessagePortMain.emit (node:events:524:28)
	at MessagePortMain._internalPort.emit (node:electron/js2c/utility_init:2:2949)
