2025-05-25 17:02:12.830 [info] ComputeTargetPlatform: linux-x64
2025-05-25 17:02:14.758 [info] ComputeTargetPlatform: linux-x64
2025-05-25 17:02:17.954 [info] Getting Manifest... rust-lang.rust-analyzer
2025-05-25 17:02:18.735 [info] Installing extension: rust-lang.rust-analyzer {"productVersion":{"version":"1.100.0","date":"2025-05-08T19:22:17.785Z"},"pinned":false,"operation":3,"isApplicationScoped":false,"profileLocation":{"$mid":1,"external":"vscode-userdata:/home/ris3/.vscode-oss/extensions/extensions.json","path":"/home/ris3/.vscode-oss/extensions/extensions.json","scheme":"vscode-userdata"}}
2025-05-25 17:02:23.015 [error] Could not load vsce-sign module Cannot find package '@vscode/vsce-sign' imported from /usr/lib/code/out/vs/code/electron-utility/sharedProcess/sharedProcessMain.js
2025-05-25 17:02:23.016 [info] Extension signature verification is not done: rust-lang.rust-analyzer
2025-05-25 17:02:23.021 [error] Error while installing the extension rust-lang.rust-analyzer Signature verification was not executed. vscode-userdata:/home/ris3/.vscode-oss/extensions/extensions.json
2025-05-25 17:02:23.025 [error] [uncaught exception in sharedProcess]: Signature verification was not executed.: SignatureVerificationInternal: Signature verification was not executed.
    at yh.xb (file:///usr/lib/code/out/vs/code/electron-utility/sharedProcess/sharedProcessMain.js:74:63971)
    at async yh.wb (file:///usr/lib/code/out/vs/code/electron-utility/sharedProcess/sharedProcessMain.js:74:62886)
2025-05-25 19:10:10.186 [info] Getting Manifest... rust-lang.rust-analyzer
2025-05-25 19:10:10.960 [info] Installing extension: rust-lang.rust-analyzer {"productVersion":{"version":"1.100.0","date":"2025-05-08T19:22:17.785Z"},"pinned":false,"operation":3,"isApplicationScoped":false,"profileLocation":{"$mid":1,"external":"vscode-userdata:/home/ris3/.vscode-oss/extensions/extensions.json","path":"/home/ris3/.vscode-oss/extensions/extensions.json","scheme":"vscode-userdata"}}
2025-05-25 19:10:14.953 [error] Could not load vsce-sign module Cannot find package '@vscode/vsce-sign' imported from /usr/lib/code/out/vs/code/electron-utility/sharedProcess/sharedProcessMain.js
2025-05-25 19:10:14.954 [info] Extension signature verification is not done: rust-lang.rust-analyzer
2025-05-25 19:10:14.969 [error] Error while installing the extension rust-lang.rust-analyzer Signature verification was not executed. vscode-userdata:/home/ris3/.vscode-oss/extensions/extensions.json
2025-05-25 19:10:14.972 [error] [uncaught exception in sharedProcess]: Signature verification was not executed.: SignatureVerificationInternal: Signature verification was not executed.
    at yh.xb (file:///usr/lib/code/out/vs/code/electron-utility/sharedProcess/sharedProcessMain.js:74:63971)
    at async yh.wb (file:///usr/lib/code/out/vs/code/electron-utility/sharedProcess/sharedProcessMain.js:74:62886)
2025-05-25 19:10:19.099 [info] Getting Manifest... chrisru.vscode-nightsky
2025-05-25 19:10:19.296 [info] Installing extension: chrisru.vscode-nightsky {"isMachineScoped":false,"installPreReleaseVersion":false,"pinned":false,"profileLocation":{"$mid":1,"external":"vscode-userdata:/home/ris3/.vscode-oss/extensions/extensions.json","path":"/home/ris3/.vscode-oss/extensions/extensions.json","scheme":"vscode-userdata"},"isApplicationScoped":false,"productVersion":{"version":"1.100.0","date":"2025-05-08T19:22:17.785Z"}}
2025-05-25 19:10:19.796 [error] Could not load vsce-sign module Cannot find package '@vscode/vsce-sign' imported from /usr/lib/code/out/vs/code/electron-utility/sharedProcess/sharedProcessMain.js
2025-05-25 19:10:19.796 [info] Extension signature verification is not done: chrisru.vscode-nightsky
2025-05-25 19:10:19.799 [error] Error while installing the extension chrisru.vscode-nightsky Signature verification was not executed. vscode-userdata:/home/ris3/.vscode-oss/extensions/extensions.json
2025-05-25 19:10:19.800 [error] [uncaught exception in sharedProcess]: Signature verification was not executed.: SignatureVerificationInternal: Signature verification was not executed.
    at yh.xb (file:///usr/lib/code/out/vs/code/electron-utility/sharedProcess/sharedProcessMain.js:74:63971)
    at async yh.wb (file:///usr/lib/code/out/vs/code/electron-utility/sharedProcess/sharedProcessMain.js:74:62886)
2025-05-25 19:10:22.575 [info] Getting Manifest... chrisru.vscode-nightsky
2025-05-25 19:10:22.757 [info] Installing extension: chrisru.vscode-nightsky {"isMachineScoped":false,"installPreReleaseVersion":false,"pinned":false,"donotVerifySignature":true,"profileLocation":{"$mid":1,"external":"vscode-userdata:/home/ris3/.vscode-oss/extensions/extensions.json","path":"/home/ris3/.vscode-oss/extensions/extensions.json","scheme":"vscode-userdata"},"isApplicationScoped":false,"productVersion":{"version":"1.100.0","date":"2025-05-08T19:22:17.785Z"}}
2025-05-25 19:10:23.060 [info] Extracted extension to file:///home/ris3/.vscode-oss/extensions/chrisru.vscode-nightsky-2.0.0-universal: chrisru.vscode-nightsky
2025-05-25 19:10:23.069 [info] Renamed to /home/ris3/.vscode-oss/extensions/chrisru.vscode-nightsky-2.0.0-universal
2025-05-25 19:10:23.089 [info] Extension installed successfully: chrisru.vscode-nightsky vscode-userdata:/home/ris3/.vscode-oss/extensions/extensions.json
2025-05-25 19:10:38.542 [info] Getting Manifest... maosantaella.night-wolf
2025-05-25 19:10:38.745 [info] Installing extension: maosantaella.night-wolf {"isMachineScoped":false,"installPreReleaseVersion":false,"pinned":false,"profileLocation":{"$mid":1,"external":"vscode-userdata:/home/ris3/.vscode-oss/extensions/extensions.json","path":"/home/ris3/.vscode-oss/extensions/extensions.json","scheme":"vscode-userdata"},"isApplicationScoped":false,"productVersion":{"version":"1.100.0","date":"2025-05-08T19:22:17.785Z"}}
2025-05-25 19:10:39.230 [error] Could not load vsce-sign module Cannot find package '@vscode/vsce-sign' imported from /usr/lib/code/out/vs/code/electron-utility/sharedProcess/sharedProcessMain.js
2025-05-25 19:10:39.230 [info] Extension signature verification is not done: maosantaella.night-wolf
2025-05-25 19:10:39.235 [error] Error while installing the extension maosantaella.night-wolf Signature verification was not executed. vscode-userdata:/home/ris3/.vscode-oss/extensions/extensions.json
2025-05-25 19:10:39.237 [error] [uncaught exception in sharedProcess]: Signature verification was not executed.: SignatureVerificationInternal: Signature verification was not executed.
    at yh.xb (file:///usr/lib/code/out/vs/code/electron-utility/sharedProcess/sharedProcessMain.js:74:63971)
    at async yh.wb (file:///usr/lib/code/out/vs/code/electron-utility/sharedProcess/sharedProcessMain.js:74:62886)
2025-05-25 19:10:40.614 [info] Getting Manifest... maosantaella.night-wolf
2025-05-25 19:10:40.800 [info] Installing extension: maosantaella.night-wolf {"isMachineScoped":false,"installPreReleaseVersion":false,"pinned":false,"donotVerifySignature":true,"profileLocation":{"$mid":1,"external":"vscode-userdata:/home/ris3/.vscode-oss/extensions/extensions.json","path":"/home/ris3/.vscode-oss/extensions/extensions.json","scheme":"vscode-userdata"},"isApplicationScoped":false,"productVersion":{"version":"1.100.0","date":"2025-05-08T19:22:17.785Z"}}
2025-05-25 19:10:41.096 [info] Extracted extension to file:///home/ris3/.vscode-oss/extensions/maosantaella.night-wolf-2.0.0-universal: maosantaella.night-wolf
2025-05-25 19:10:41.104 [info] Renamed to /home/ris3/.vscode-oss/extensions/maosantaella.night-wolf-2.0.0-universal
2025-05-25 19:10:41.126 [info] Extension installed successfully: maosantaella.night-wolf vscode-userdata:/home/ris3/.vscode-oss/extensions/extensions.json
2025-05-25 19:11:36.697 [info] Getting Manifest... enoslyznne.konsole-night
2025-05-25 19:11:36.891 [info] Installing extension: enoslyznne.konsole-night {"isMachineScoped":false,"installPreReleaseVersion":false,"pinned":false,"profileLocation":{"$mid":1,"external":"vscode-userdata:/home/ris3/.vscode-oss/extensions/extensions.json","path":"/home/ris3/.vscode-oss/extensions/extensions.json","scheme":"vscode-userdata"},"isApplicationScoped":false,"productVersion":{"version":"1.100.0","date":"2025-05-08T19:22:17.785Z"}}
2025-05-25 19:11:38.087 [error] Could not load vsce-sign module Cannot find package '@vscode/vsce-sign' imported from /usr/lib/code/out/vs/code/electron-utility/sharedProcess/sharedProcessMain.js
2025-05-25 19:11:38.087 [info] Extension signature verification is not done: enoslyznne.konsole-night
2025-05-25 19:11:38.091 [error] Error while installing the extension enoslyznne.konsole-night Signature verification was not executed. vscode-userdata:/home/ris3/.vscode-oss/extensions/extensions.json
2025-05-25 19:11:38.092 [error] [uncaught exception in sharedProcess]: Signature verification was not executed.: SignatureVerificationInternal: Signature verification was not executed.
    at yh.xb (file:///usr/lib/code/out/vs/code/electron-utility/sharedProcess/sharedProcessMain.js:74:63971)
    at async yh.wb (file:///usr/lib/code/out/vs/code/electron-utility/sharedProcess/sharedProcessMain.js:74:62886)
2025-05-25 19:11:39.401 [info] Getting Manifest... enoslyznne.konsole-night
2025-05-25 19:11:39.578 [info] Installing extension: enoslyznne.konsole-night {"isMachineScoped":false,"installPreReleaseVersion":false,"pinned":false,"donotVerifySignature":true,"profileLocation":{"$mid":1,"external":"vscode-userdata:/home/ris3/.vscode-oss/extensions/extensions.json","path":"/home/ris3/.vscode-oss/extensions/extensions.json","scheme":"vscode-userdata"},"isApplicationScoped":false,"productVersion":{"version":"1.100.0","date":"2025-05-08T19:22:17.785Z"}}
2025-05-25 19:11:40.624 [info] Extracted extension to file:///home/ris3/.vscode-oss/extensions/enoslyznne.konsole-night-1.4.12-universal: enoslyznne.konsole-night
2025-05-25 19:11:40.632 [info] Renamed to /home/ris3/.vscode-oss/extensions/enoslyznne.konsole-night-1.4.12-universal
2025-05-25 19:11:40.649 [info] Extension installed successfully: enoslyznne.konsole-night vscode-userdata:/home/ris3/.vscode-oss/extensions/extensions.json
2025-05-25 19:33:22.545 [info] Getting Manifest... rust-lang.rust-analyzer
2025-05-25 19:33:23.432 [info] Installing extension: rust-lang.rust-analyzer {"productVersion":{"version":"1.100.0","date":"2025-05-08T19:22:17.785Z"},"pinned":false,"operation":3,"isApplicationScoped":false,"profileLocation":{"$mid":1,"external":"vscode-userdata:/home/ris3/.vscode-oss/extensions/extensions.json","path":"/home/ris3/.vscode-oss/extensions/extensions.json","scheme":"vscode-userdata"}}
2025-05-25 19:33:27.369 [error] Could not load vsce-sign module Cannot find package '@vscode/vsce-sign' imported from /usr/lib/code/out/vs/code/electron-utility/sharedProcess/sharedProcessMain.js
2025-05-25 19:33:27.369 [info] Extension signature verification is not done: rust-lang.rust-analyzer
2025-05-25 19:33:27.383 [error] Error while installing the extension rust-lang.rust-analyzer Signature verification was not executed. vscode-userdata:/home/ris3/.vscode-oss/extensions/extensions.json
2025-05-25 19:33:27.384 [error] [uncaught exception in sharedProcess]: Signature verification was not executed.: SignatureVerificationInternal: Signature verification was not executed.
    at yh.xb (file:///usr/lib/code/out/vs/code/electron-utility/sharedProcess/sharedProcessMain.js:74:63971)
    at async yh.wb (file:///usr/lib/code/out/vs/code/electron-utility/sharedProcess/sharedProcessMain.js:74:62886)
2025-05-25 19:34:30.683 [info] Getting Manifest... enbonnet.orange-ocean
2025-05-25 19:34:30.873 [info] Installing extension: enbonnet.orange-ocean {"isMachineScoped":false,"installPreReleaseVersion":false,"pinned":false,"profileLocation":{"$mid":1,"external":"vscode-userdata:/home/ris3/.vscode-oss/extensions/extensions.json","path":"/home/ris3/.vscode-oss/extensions/extensions.json","scheme":"vscode-userdata"},"isApplicationScoped":false,"productVersion":{"version":"1.100.0","date":"2025-05-08T19:22:17.785Z"}}
2025-05-25 19:34:31.836 [error] Could not load vsce-sign module Cannot find package '@vscode/vsce-sign' imported from /usr/lib/code/out/vs/code/electron-utility/sharedProcess/sharedProcessMain.js
2025-05-25 19:34:31.836 [info] Extension signature verification is not done: enbonnet.orange-ocean
2025-05-25 19:34:31.840 [error] Error while installing the extension enbonnet.orange-ocean Signature verification was not executed. vscode-userdata:/home/ris3/.vscode-oss/extensions/extensions.json
2025-05-25 19:34:31.841 [error] [uncaught exception in sharedProcess]: Signature verification was not executed.: SignatureVerificationInternal: Signature verification was not executed.
    at yh.xb (file:///usr/lib/code/out/vs/code/electron-utility/sharedProcess/sharedProcessMain.js:74:63971)
    at async yh.wb (file:///usr/lib/code/out/vs/code/electron-utility/sharedProcess/sharedProcessMain.js:74:62886)
2025-05-25 19:34:33.124 [info] Getting Manifest... enbonnet.orange-ocean
2025-05-25 19:34:33.308 [info] Installing extension: enbonnet.orange-ocean {"isMachineScoped":false,"installPreReleaseVersion":false,"pinned":false,"donotVerifySignature":true,"profileLocation":{"$mid":1,"external":"vscode-userdata:/home/ris3/.vscode-oss/extensions/extensions.json","path":"/home/ris3/.vscode-oss/extensions/extensions.json","scheme":"vscode-userdata"},"isApplicationScoped":false,"productVersion":{"version":"1.100.0","date":"2025-05-08T19:22:17.785Z"}}
2025-05-25 19:34:34.180 [info] Extracted extension to file:///home/ris3/.vscode-oss/extensions/enbonnet.orange-ocean-0.0.4-universal: enbonnet.orange-ocean
2025-05-25 19:34:34.199 [info] Renamed to /home/ris3/.vscode-oss/extensions/enbonnet.orange-ocean-0.0.4-universal
2025-05-25 19:34:34.219 [info] Extension installed successfully: enbonnet.orange-ocean vscode-userdata:/home/ris3/.vscode-oss/extensions/extensions.json
