2025-05-26 13:08:57.912 [info] Extension host with pid 8231 started
2025-05-26 13:08:57.912 [info] Skipping acquiring lock for /home/ris3/.config/Code - OSS/User/workspaceStorage/06c09ba257f63a7f3505e96c36ba179d.
2025-05-26 13:08:58.142 [info] ExtensionService#_doActivateExtension vscode.emmet, startup: false, activationEvent: 'onLanguage'
2025-05-26 13:08:58.168 [info] ExtensionService#_doActivateExtension rust-lang.rust, startup: false, activationEvent: 'onLanguage:rust'
2025-05-26 13:08:58.202 [info] ExtensionService#_doActivateExtension rust-lang.rust-analyzer, startup: false, activationEvent: 'onLanguage:rust'
2025-05-26 13:08:58.731 [info] ExtensionService#_doActivateExtension vscode.configuration-editing, startup: false, activationEvent: 'onLanguage:jsonc'
2025-05-26 13:08:58.744 [info] ExtensionService#_doActivateExtension vscode.json-language-features, startup: false, activationEvent: 'onLanguage:jsonc'
2025-05-26 13:08:58.832 [info] ExtensionService#_doActivateExtension vscode.typescript-language-features, startup: false, activationEvent: 'onLanguage:jsonc'
2025-05-26 13:08:58.906 [info] ExtensionService#_doActivateExtension vscode.git-base, startup: true, activationEvent: '*', root cause: vscode.git
2025-05-26 13:08:58.978 [info] ExtensionService#_doActivateExtension vscode.git, startup: true, activationEvent: '*'
2025-05-26 13:08:59.059 [info] ExtensionService#_doActivateExtension vscode.github, startup: true, activationEvent: '*'
2025-05-26 13:08:59.220 [info] Eager extensions activated
2025-05-26 13:08:59.312 [info] ExtensionService#_doActivateExtension vscode.debug-auto-launch, startup: false, activationEvent: 'onStartupFinished'
2025-05-26 13:08:59.315 [info] ExtensionService#_doActivateExtension vscode.merge-conflict, startup: false, activationEvent: 'onStartupFinished'
2025-05-26 13:09:10.262 [info] ExtensionService#_doActivateExtension vscode.media-preview, startup: false, activationEvent: 'onCustomEditor:vscode.audioPreview'
2025-05-26 13:26:27.897 [error] [rust-lang.rust] provider FAILED
2025-05-26 13:26:27.898 [error] Error: Language client is not ready yet
	at LanguageClient.sendRequest (/home/ris3/.vscode-oss/extensions/rust-lang.rust-0.7.8-universal/node_modules/vscode-languageclient/lib/client.js:1789:19)
	at /home/ris3/.vscode-oss/extensions/rust-lang.rust-0.7.8-universal/out/src/providers/signatureHelpProvider.js:35:16
	at new Promise (<anonymous>)
	at SignatureHelpProvider.provideHover (/home/ris3/.vscode-oss/extensions/rust-lang.rust-0.7.8-universal/out/src/providers/signatureHelpProvider.js:34:16)
	at SignatureHelpProvider.provideSignatureHelp (/home/ris3/.vscode-oss/extensions/rust-lang.rust-0.7.8-universal/out/src/providers/signatureHelpProvider.js:15:25)
	at p4.provideSignatureHelp (file:///usr/lib/code/out/vs/workbench/api/node/extensionHostProcess.js:145:147895)
	at file:///usr/lib/code/out/vs/workbench/api/node/extensionHostProcess.js:145:166383
	at Zt.s (file:///usr/lib/code/out/vs/workbench/api/node/extensionHostProcess.js:145:155541)
	at Zt.$provideSignatureHelp (file:///usr/lib/code/out/vs/workbench/api/node/extensionHostProcess.js:145:166371)
	at f5.S (file:///usr/lib/code/out/vs/workbench/api/node/extensionHostProcess.js:29:116111)
	at f5.Q (file:///usr/lib/code/out/vs/workbench/api/node/extensionHostProcess.js:29:115891)
	at f5.M (file:///usr/lib/code/out/vs/workbench/api/node/extensionHostProcess.js:29:114942)
	at f5.L (file:///usr/lib/code/out/vs/workbench/api/node/extensionHostProcess.js:29:114085)
	at ed.value (file:///usr/lib/code/out/vs/workbench/api/node/extensionHostProcess.js:29:112882)
	at P.B (file:///usr/lib/code/out/vs/workbench/api/node/extensionHostProcess.js:27:2373)
	at P.fire (file:///usr/lib/code/out/vs/workbench/api/node/extensionHostProcess.js:27:2591)
	at lo.fire (file:///usr/lib/code/out/vs/workbench/api/node/extensionHostProcess.js:29:9458)
	at ed.value (file:///usr/lib/code/out/vs/workbench/api/node/extensionHostProcess.js:225:3917)
	at P.B (file:///usr/lib/code/out/vs/workbench/api/node/extensionHostProcess.js:27:2373)
	at P.fire (file:///usr/lib/code/out/vs/workbench/api/node/extensionHostProcess.js:27:2591)
	at lo.fire (file:///usr/lib/code/out/vs/workbench/api/node/extensionHostProcess.js:29:9458)
	at MessagePortMain.<anonymous> (file:///usr/lib/code/out/vs/workbench/api/node/extensionHostProcess.js:225:2209)
	at MessagePortMain.emit (node:events:524:28)
	at MessagePortMain._internalPort.emit (node:electron/js2c/utility_init:2:2949)
2025-05-26 13:29:23.676 [error] [rust-lang.rust] provider FAILED
2025-05-26 13:29:23.677 [error] Error: Language client is not ready yet
	at LanguageClient.sendRequest (/home/ris3/.vscode-oss/extensions/rust-lang.rust-0.7.8-universal/node_modules/vscode-languageclient/lib/client.js:1789:19)
	at /home/ris3/.vscode-oss/extensions/rust-lang.rust-0.7.8-universal/out/src/providers/signatureHelpProvider.js:35:16
	at new Promise (<anonymous>)
	at SignatureHelpProvider.provideHover (/home/ris3/.vscode-oss/extensions/rust-lang.rust-0.7.8-universal/out/src/providers/signatureHelpProvider.js:34:16)
	at SignatureHelpProvider.provideSignatureHelp (/home/ris3/.vscode-oss/extensions/rust-lang.rust-0.7.8-universal/out/src/providers/signatureHelpProvider.js:15:25)
	at p4.provideSignatureHelp (file:///usr/lib/code/out/vs/workbench/api/node/extensionHostProcess.js:145:147895)
	at file:///usr/lib/code/out/vs/workbench/api/node/extensionHostProcess.js:145:166383
	at Zt.s (file:///usr/lib/code/out/vs/workbench/api/node/extensionHostProcess.js:145:155541)
	at Zt.$provideSignatureHelp (file:///usr/lib/code/out/vs/workbench/api/node/extensionHostProcess.js:145:166371)
	at f5.S (file:///usr/lib/code/out/vs/workbench/api/node/extensionHostProcess.js:29:116111)
	at f5.Q (file:///usr/lib/code/out/vs/workbench/api/node/extensionHostProcess.js:29:115891)
	at f5.M (file:///usr/lib/code/out/vs/workbench/api/node/extensionHostProcess.js:29:114942)
	at f5.L (file:///usr/lib/code/out/vs/workbench/api/node/extensionHostProcess.js:29:114085)
	at ed.value (file:///usr/lib/code/out/vs/workbench/api/node/extensionHostProcess.js:29:112882)
	at P.B (file:///usr/lib/code/out/vs/workbench/api/node/extensionHostProcess.js:27:2373)
	at P.fire (file:///usr/lib/code/out/vs/workbench/api/node/extensionHostProcess.js:27:2591)
	at lo.fire (file:///usr/lib/code/out/vs/workbench/api/node/extensionHostProcess.js:29:9458)
	at ed.value (file:///usr/lib/code/out/vs/workbench/api/node/extensionHostProcess.js:225:3917)
	at P.B (file:///usr/lib/code/out/vs/workbench/api/node/extensionHostProcess.js:27:2373)
	at P.fire (file:///usr/lib/code/out/vs/workbench/api/node/extensionHostProcess.js:27:2591)
	at lo.fire (file:///usr/lib/code/out/vs/workbench/api/node/extensionHostProcess.js:29:9458)
	at MessagePortMain.<anonymous> (file:///usr/lib/code/out/vs/workbench/api/node/extensionHostProcess.js:225:2209)
	at MessagePortMain.emit (node:events:524:28)
	at MessagePortMain._internalPort.emit (node:electron/js2c/utility_init:2:2949)
2025-05-26 13:29:25.946 [error] [rust-lang.rust] provider FAILED
2025-05-26 13:29:25.947 [error] Error: Language client is not ready yet
	at LanguageClient.sendRequest (/home/ris3/.vscode-oss/extensions/rust-lang.rust-0.7.8-universal/node_modules/vscode-languageclient/lib/client.js:1789:19)
	at /home/ris3/.vscode-oss/extensions/rust-lang.rust-0.7.8-universal/out/src/providers/signatureHelpProvider.js:35:16
	at new Promise (<anonymous>)
	at SignatureHelpProvider.provideHover (/home/ris3/.vscode-oss/extensions/rust-lang.rust-0.7.8-universal/out/src/providers/signatureHelpProvider.js:34:16)
	at SignatureHelpProvider.provideSignatureHelp (/home/ris3/.vscode-oss/extensions/rust-lang.rust-0.7.8-universal/out/src/providers/signatureHelpProvider.js:20:29)
	at p4.provideSignatureHelp (file:///usr/lib/code/out/vs/workbench/api/node/extensionHostProcess.js:145:147895)
	at file:///usr/lib/code/out/vs/workbench/api/node/extensionHostProcess.js:145:166383
	at Zt.s (file:///usr/lib/code/out/vs/workbench/api/node/extensionHostProcess.js:145:155541)
	at Zt.$provideSignatureHelp (file:///usr/lib/code/out/vs/workbench/api/node/extensionHostProcess.js:145:166371)
	at f5.S (file:///usr/lib/code/out/vs/workbench/api/node/extensionHostProcess.js:29:116111)
	at f5.Q (file:///usr/lib/code/out/vs/workbench/api/node/extensionHostProcess.js:29:115891)
	at f5.M (file:///usr/lib/code/out/vs/workbench/api/node/extensionHostProcess.js:29:114942)
	at f5.L (file:///usr/lib/code/out/vs/workbench/api/node/extensionHostProcess.js:29:114085)
	at ed.value (file:///usr/lib/code/out/vs/workbench/api/node/extensionHostProcess.js:29:112882)
	at P.B (file:///usr/lib/code/out/vs/workbench/api/node/extensionHostProcess.js:27:2373)
	at P.fire (file:///usr/lib/code/out/vs/workbench/api/node/extensionHostProcess.js:27:2591)
	at lo.fire (file:///usr/lib/code/out/vs/workbench/api/node/extensionHostProcess.js:29:9458)
	at ed.value (file:///usr/lib/code/out/vs/workbench/api/node/extensionHostProcess.js:225:3917)
	at P.B (file:///usr/lib/code/out/vs/workbench/api/node/extensionHostProcess.js:27:2373)
	at P.fire (file:///usr/lib/code/out/vs/workbench/api/node/extensionHostProcess.js:27:2591)
	at lo.fire (file:///usr/lib/code/out/vs/workbench/api/node/extensionHostProcess.js:29:9458)
	at MessagePortMain.<anonymous> (file:///usr/lib/code/out/vs/workbench/api/node/extensionHostProcess.js:225:2209)
	at MessagePortMain.emit (node:events:524:28)
	at MessagePortMain._internalPort.emit (node:electron/js2c/utility_init:2:2949)
2025-05-26 13:29:26.456 [error] [rust-lang.rust] provider FAILED
2025-05-26 13:29:26.456 [error] Error: Language client is not ready yet
	at LanguageClient.sendRequest (/home/ris3/.vscode-oss/extensions/rust-lang.rust-0.7.8-universal/node_modules/vscode-languageclient/lib/client.js:1789:19)
	at /home/ris3/.vscode-oss/extensions/rust-lang.rust-0.7.8-universal/out/src/providers/signatureHelpProvider.js:35:16
	at new Promise (<anonymous>)
	at SignatureHelpProvider.provideHover (/home/ris3/.vscode-oss/extensions/rust-lang.rust-0.7.8-universal/out/src/providers/signatureHelpProvider.js:34:16)
	at SignatureHelpProvider.provideSignatureHelp (/home/ris3/.vscode-oss/extensions/rust-lang.rust-0.7.8-universal/out/src/providers/signatureHelpProvider.js:20:29)
	at p4.provideSignatureHelp (file:///usr/lib/code/out/vs/workbench/api/node/extensionHostProcess.js:145:147895)
	at file:///usr/lib/code/out/vs/workbench/api/node/extensionHostProcess.js:145:166383
	at Zt.s (file:///usr/lib/code/out/vs/workbench/api/node/extensionHostProcess.js:145:155541)
	at Zt.$provideSignatureHelp (file:///usr/lib/code/out/vs/workbench/api/node/extensionHostProcess.js:145:166371)
	at f5.S (file:///usr/lib/code/out/vs/workbench/api/node/extensionHostProcess.js:29:116111)
	at f5.Q (file:///usr/lib/code/out/vs/workbench/api/node/extensionHostProcess.js:29:115891)
	at f5.M (file:///usr/lib/code/out/vs/workbench/api/node/extensionHostProcess.js:29:114942)
	at f5.L (file:///usr/lib/code/out/vs/workbench/api/node/extensionHostProcess.js:29:114085)
	at ed.value (file:///usr/lib/code/out/vs/workbench/api/node/extensionHostProcess.js:29:112882)
	at P.B (file:///usr/lib/code/out/vs/workbench/api/node/extensionHostProcess.js:27:2373)
	at P.fire (file:///usr/lib/code/out/vs/workbench/api/node/extensionHostProcess.js:27:2591)
	at lo.fire (file:///usr/lib/code/out/vs/workbench/api/node/extensionHostProcess.js:29:9458)
	at ed.value (file:///usr/lib/code/out/vs/workbench/api/node/extensionHostProcess.js:225:3917)
	at P.B (file:///usr/lib/code/out/vs/workbench/api/node/extensionHostProcess.js:27:2373)
	at P.fire (file:///usr/lib/code/out/vs/workbench/api/node/extensionHostProcess.js:27:2591)
	at lo.fire (file:///usr/lib/code/out/vs/workbench/api/node/extensionHostProcess.js:29:9458)
	at MessagePortMain.<anonymous> (file:///usr/lib/code/out/vs/workbench/api/node/extensionHostProcess.js:225:2209)
	at MessagePortMain.emit (node:events:524:28)
	at MessagePortMain._internalPort.emit (node:electron/js2c/utility_init:2:2949)
2025-05-26 13:29:57.545 [info] Extension host terminating: renderer closed the MessagePort
2025-05-26 13:29:57.564 [error] Canceled: Canceled
	at new XN (file:///usr/lib/code/out/vs/workbench/api/node/extensionHostProcess.js:29:111538)
	at f5.U (file:///usr/lib/code/out/vs/workbench/api/node/extensionHostProcess.js:29:116148)
	at s.<computed>.n.charCodeAt.s.<computed> (file:///usr/lib/code/out/vs/workbench/api/node/extensionHostProcess.js:29:113642)
	at Wb.g (file:///usr/lib/code/out/vs/workbench/api/node/extensionHostProcess.js:119:41004)
	at Wb.executeCommand (file:///usr/lib/code/out/vs/workbench/api/node/extensionHostProcess.js:119:40508)
	at i.registerCommand.description (file:///usr/lib/code/out/vs/workbench/api/node/extensionHostProcess.js:119:39838)
	at Wb.h (file:///usr/lib/code/out/vs/workbench/api/node/extensionHostProcess.js:119:41524)
	at Wb.g (file:///usr/lib/code/out/vs/workbench/api/node/extensionHostProcess.js:119:40601)
	at Wb.executeCommand (file:///usr/lib/code/out/vs/workbench/api/node/extensionHostProcess.js:119:40508)
	at Object.executeCommand (file:///usr/lib/code/out/vs/workbench/api/node/extensionHostProcess.js:170:31026)
	at ho (/home/ris3/.vscode-oss/extensions/rust-lang.rust-analyzer-0.3.2457-linux-x64/out/main.js:44:50227)
	at Object.Ix (/home/ris3/.vscode-oss/extensions/rust-lang.rust-analyzer-0.3.2457-linux-x64/out/main.js:386:593)
	at PJ.eb (file:///usr/lib/code/out/vs/workbench/api/node/extensionHostProcess.js:123:11724)
	at file:///usr/lib/code/out/vs/workbench/api/node/extensionHostProcess.js:123:9874
	at Array.map (<anonymous>)
	at PJ.$ (file:///usr/lib/code/out/vs/workbench/api/node/extensionHostProcess.js:123:9862)
	at PJ.terminate (file:///usr/lib/code/out/vs/workbench/api/node/extensionHostProcess.js:123:10105)
	at v2.terminate (file:///usr/lib/code/out/vs/workbench/api/node/extensionHostProcess.js:124:1434)
	at us (file:///usr/lib/code/out/vs/workbench/api/node/extensionHostProcess.js:225:5702)
	at MessagePortMain.<anonymous> (file:///usr/lib/code/out/vs/workbench/api/node/extensionHostProcess.js:225:2249)
	at MessagePortMain.emit (node:events:524:28)
	at MessagePortMain._internalPort.emit (node:electron/js2c/utility_init:2:2949)
2025-05-26 13:29:57.566 [info] Extension host with pid 8231 exiting with code 0
