2025-05-16 18:52:24.239 [info] [main] Log level: Info
2025-05-16 18:52:24.239 [info] [main] Validating found git in: "git"
2025-05-16 18:52:24.239 [info] [main] Using git "2.49.0" from "git"
2025-05-16 18:52:24.239 [info] [Model][doInitialScan] Initial repository scan started
2025-05-16 18:52:24.239 [info] > git rev-parse --show-toplevel [20ms]
2025-05-16 18:52:24.240 [info] > git rev-parse --git-dir --git-common-dir [3ms]
2025-05-16 18:52:24.251 [info] [Model][openRepository] Opened repository (path): /home/ris3/mio_gioco_bevy
2025-05-16 18:52:24.251 [info] [Model][openRepository] Opened repository (real path): /home/ris3/mio_gioco_bevy
2025-05-16 18:52:24.270 [info] > git rev-parse --show-toplevel [3ms]
2025-05-16 18:52:24.271 [info] > git config --get commit.template [12ms]
2025-05-16 18:52:24.290 [info] [Git][getRemotes] No remotes found in the git config file
2025-05-16 18:52:24.291 [info] > git rev-parse --show-toplevel [11ms]
2025-05-16 18:52:24.298 [info] > git for-each-ref --format=%(refname)%00%(upstream:short)%00%(objectname)%00%(upstream:track)%00%(upstream:remotename)%00%(upstream:remoteref) refs/heads/master refs/remotes/master [9ms]
2025-05-16 18:52:24.298 [warning] [Git][getBranch] No such branch: master
2025-05-16 18:52:24.317 [info] > git status -z -uall [12ms]
2025-05-16 18:52:24.318 [info] > git rev-parse --show-toplevel [21ms]
2025-05-16 18:52:24.318 [info] [Model][doInitialScan] Initial repository scan completed - repositories (1), closed repositories (0), parent repositories (0), unsafe repositories (0)
2025-05-16 18:52:24.324 [info] > git for-each-ref --sort -committerdate --format %(refname)%00%(objectname)%00%(*objectname) [9ms]
2025-05-16 18:52:24.369 [info] > git for-each-ref --format=%(refname)%00%(upstream:short)%00%(objectname)%00%(upstream:track)%00%(upstream:remotename)%00%(upstream:remoteref) refs/heads/master refs/remotes/master [29ms]
2025-05-16 18:52:24.369 [warning] [Git][getBranch] No such branch: master
2025-05-16 18:52:24.370 [error] [GitHistoryProvider][resolveHEADMergeBase] Failed to resolve merge base for master: Error: No such branch: master.
2025-05-16 18:52:24.374 [info] > git config --get commit.template [8ms]
2025-05-16 18:52:24.382 [info] [Git][getRemotes] No remotes found in the git config file
2025-05-16 18:52:24.383 [info] > git for-each-ref --format=%(refname)%00%(upstream:short)%00%(objectname)%00%(upstream:track)%00%(upstream:remotename)%00%(upstream:remoteref) refs/heads/master refs/remotes/master [2ms]
2025-05-16 18:52:24.383 [warning] [Git][getBranch] No such branch: master
2025-05-16 18:52:24.401 [info] > git status -z -uall [10ms]
2025-05-16 18:52:24.414 [info] > git for-each-ref --sort -committerdate --format %(refname)%00%(objectname)%00%(*objectname) [14ms]
2025-05-16 18:52:24.801 [info] > git check-ignore -v -z --stdin [3ms]
2025-05-16 18:52:31.489 [info] [Git][getRemotes] No remotes found in the git config file
2025-05-16 18:52:31.491 [info] > git config --get commit.template [12ms]
2025-05-16 18:52:31.492 [info] > git for-each-ref --format=%(refname)%00%(upstream:short)%00%(objectname)%00%(upstream:track)%00%(upstream:remotename)%00%(upstream:remoteref) refs/heads/master refs/remotes/master [3ms]
2025-05-16 18:52:31.492 [warning] [Git][getBranch] No such branch: master
2025-05-16 18:52:31.512 [info] > git status -z -uall [8ms]
2025-05-16 18:52:31.513 [info] > git for-each-ref --sort -committerdate --format %(refname)%00%(objectname)%00%(*objectname) [2ms]
2025-05-16 18:52:36.540 [info] [Git][getRemotes] No remotes found in the git config file
2025-05-16 18:52:36.540 [info] > git config --get commit.template [11ms]
2025-05-16 18:52:36.542 [info] > git for-each-ref --format=%(refname)%00%(upstream:short)%00%(objectname)%00%(upstream:track)%00%(upstream:remotename)%00%(upstream:remoteref) refs/heads/master refs/remotes/master [3ms]
2025-05-16 18:52:36.542 [warning] [Git][getBranch] No such branch: master
2025-05-16 18:52:36.567 [info] > git status -z -uall [14ms]
2025-05-16 18:52:36.568 [info] > git for-each-ref --sort -committerdate --format %(refname)%00%(objectname)%00%(*objectname) [2ms]
2025-05-16 18:52:41.591 [info] [Git][getRemotes] No remotes found in the git config file
2025-05-16 18:52:41.591 [info] > git config --get commit.template [9ms]
2025-05-16 18:52:41.592 [info] > git for-each-ref --format=%(refname)%00%(upstream:short)%00%(objectname)%00%(upstream:track)%00%(upstream:remotename)%00%(upstream:remoteref) refs/heads/master refs/remotes/master [2ms]
2025-05-16 18:52:41.592 [warning] [Git][getBranch] No such branch: master
2025-05-16 18:52:41.610 [info] > git status -z -uall [10ms]
2025-05-16 18:52:41.611 [info] > git for-each-ref --sort -committerdate --format %(refname)%00%(objectname)%00%(*objectname) [1ms]
2025-05-16 20:46:18.591 [info] > git config --get commit.template [2ms]
2025-05-16 20:46:18.603 [info] [Git][getRemotes] No remotes found in the git config file
2025-05-16 20:46:18.604 [info] > git for-each-ref --format=%(refname)%00%(upstream:short)%00%(objectname)%00%(upstream:track)%00%(upstream:remotename)%00%(upstream:remoteref) refs/heads/master refs/remotes/master [2ms]
2025-05-16 20:46:18.604 [warning] [Git][getBranch] No such branch: master
2025-05-16 20:46:18.622 [info] > git status -z -uall [6ms]
2025-05-16 20:46:18.623 [info] > git for-each-ref --sort -committerdate --format %(refname)%00%(objectname)%00%(*objectname) [1ms]
2025-05-16 20:47:26.060 [info] [Git][getRemotes] No remotes found in the git config file
2025-05-16 20:47:26.070 [info] > git config --get commit.template [12ms]
2025-05-16 20:47:26.073 [info] > git for-each-ref --format=%(refname)%00%(upstream:short)%00%(objectname)%00%(upstream:track)%00%(upstream:remotename)%00%(upstream:remoteref) refs/heads/master refs/remotes/master [4ms]
2025-05-16 20:47:26.073 [warning] [Git][getBranch] No such branch: master
2025-05-16 20:47:26.089 [info] > git status -z -uall [8ms]
2025-05-16 20:47:26.092 [info] > git for-each-ref --sort -committerdate --format %(refname)%00%(objectname)%00%(*objectname) [2ms]
2025-05-16 21:22:01.650 [info] [Git][getRemotes] No remotes found in the git config file
2025-05-16 21:22:01.651 [info] > git config --get commit.template [12ms]
2025-05-16 21:22:01.652 [info] > git for-each-ref --format=%(refname)%00%(upstream:short)%00%(objectname)%00%(upstream:track)%00%(upstream:remotename)%00%(upstream:remoteref) refs/heads/master refs/remotes/master [2ms]
2025-05-16 21:22:01.652 [warning] [Git][getBranch] No such branch: master
2025-05-16 21:22:01.678 [info] > git status -z -uall [13ms]
2025-05-16 21:22:01.679 [info] > git for-each-ref --sort -committerdate --format %(refname)%00%(objectname)%00%(*objectname) [2ms]
