2025-05-26 17:05:05.136 [info] [main] Log level: Info
2025-05-26 17:05:05.136 [info] [main] Validating found git in: "git"
2025-05-26 17:05:05.136 [info] [main] Using git "2.49.0" from "git"
2025-05-26 17:05:05.136 [info] [Model][doInitialScan] Initial repository scan started
2025-05-26 17:05:05.136 [info] > git rev-parse --show-toplevel [8ms]
2025-05-26 17:05:05.137 [info] > git rev-parse --git-dir --git-common-dir [2ms]
2025-05-26 17:05:05.147 [info] [Model][openRepository] Opened repository (path): /home/ris3/mio_gioco_bevy
2025-05-26 17:05:05.147 [info] [Model][openRepository] Opened repository (real path): /home/ris3/mio_gioco_bevy
2025-05-26 17:05:05.166 [info] > git rev-parse --show-toplevel [3ms]
2025-05-26 17:05:05.167 [info] > git config --get commit.template [9ms]
2025-05-26 17:05:05.182 [info] [Git][getRemotes] No remotes found in the git config file
2025-05-26 17:05:05.183 [info] > git rev-parse --show-toplevel [7ms]
2025-05-26 17:05:05.191 [info] > git rev-parse --show-toplevel [1ms]
2025-05-26 17:05:05.200 [info] > git rev-parse --show-toplevel [2ms]
2025-05-26 17:05:05.200 [info] [Model][doInitialScan] Initial repository scan completed - repositories (1), closed repositories (0), parent repositories (0), unsafe repositories (0)
2025-05-26 17:05:05.202 [info] > git for-each-ref --format=%(refname)%00%(upstream:short)%00%(objectname)%00%(upstream:track)%00%(upstream:remotename)%00%(upstream:remoteref) refs/heads/master refs/remotes/master [20ms]
2025-05-26 17:05:05.202 [warning] [Git][getBranch] No such branch: master
2025-05-26 17:05:05.219 [info] > git status -z -uall [9ms]
2025-05-26 17:05:05.220 [info] > git for-each-ref --sort -committerdate --format %(refname)%00%(objectname)%00%(*objectname) [2ms]
2025-05-26 17:05:05.242 [info] > git for-each-ref --format=%(refname)%00%(upstream:short)%00%(objectname)%00%(upstream:track)%00%(upstream:remotename)%00%(upstream:remoteref) refs/heads/master refs/remotes/master [11ms]
2025-05-26 17:05:05.242 [warning] [Git][getBranch] No such branch: master
2025-05-26 17:05:05.242 [error] [GitHistoryProvider][resolveHEADMergeBase] Failed to resolve merge base for master: Error: No such branch: master.
2025-05-26 17:05:05.256 [info] > git config --get commit.template [15ms]
2025-05-26 17:05:05.256 [info] [Git][getRemotes] No remotes found in the git config file
2025-05-26 17:05:05.264 [info] > git for-each-ref --format=%(refname)%00%(upstream:short)%00%(objectname)%00%(upstream:track)%00%(upstream:remotename)%00%(upstream:remoteref) refs/heads/master refs/remotes/master [2ms]
2025-05-26 17:05:05.265 [warning] [Git][getBranch] No such branch: master
2025-05-26 17:05:05.278 [info] > git status -z -uall [7ms]
2025-05-26 17:05:05.279 [info] > git for-each-ref --sort -committerdate --format %(refname)%00%(objectname)%00%(*objectname) [2ms]
2025-05-26 17:05:05.684 [info] > git check-ignore -v -z --stdin [2ms]
2025-05-26 17:05:10.660 [info] > git config --get commit.template [4ms]
2025-05-26 17:05:10.671 [info] [Git][getRemotes] No remotes found in the git config file
2025-05-26 17:05:10.672 [info] > git for-each-ref --format=%(refname)%00%(upstream:short)%00%(objectname)%00%(upstream:track)%00%(upstream:remotename)%00%(upstream:remoteref) refs/heads/master refs/remotes/master [2ms]
2025-05-26 17:05:10.672 [warning] [Git][getBranch] No such branch: master
2025-05-26 17:05:10.686 [info] > git status -z -uall [7ms]
2025-05-26 17:05:10.686 [info] > git for-each-ref --sort -committerdate --format %(refname)%00%(objectname)%00%(*objectname) [1ms]
2025-05-26 17:05:15.718 [info] [Git][getRemotes] No remotes found in the git config file
2025-05-26 17:05:15.724 [info] > git for-each-ref --format=%(refname)%00%(upstream:short)%00%(objectname)%00%(upstream:track)%00%(upstream:remotename)%00%(upstream:remoteref) refs/heads/master refs/remotes/master [6ms]
2025-05-26 17:05:15.724 [warning] [Git][getBranch] No such branch: master
2025-05-26 17:05:15.724 [info] > git config --get commit.template [18ms]
2025-05-26 17:05:15.748 [info] > git status -z -uall [14ms]
2025-05-26 17:05:15.750 [info] > git for-each-ref --sort -committerdate --format %(refname)%00%(objectname)%00%(*objectname) [4ms]
